<?xml version="1.0" encoding="UTF-8"?>
<coverage generated="1666729103196" clover="3.2.0">
  <project timestamp="1666729103196" name="All files">
    <metrics statements="628" coveredstatements="218" conditionals="207" coveredconditionals="30" methods="170" coveredmethods="36" elements="1005" coveredelements="284" complexity="0" loc="628" ncloc="628" packages="13" files="34" classes="34"/>
    <package name="client.src">
      <metrics statements="2" coveredstatements="2" conditionals="0" coveredconditionals="0" methods="0" coveredmethods="0"/>
      <file name="API.js" path="/Users/liuqian/Desktop/CS learning_Hack Reactor /2209 HR immersive course/FrontEndCapstone-EcommercePage/client/src/API.js">
        <metrics statements="1" coveredstatements="1" conditionals="0" coveredconditionals="0" methods="0" coveredmethods="0"/>
        <line num="3" count="1" type="stmt"/>
      </file>
      <file name="hidden.js" path="/Users/liuqian/Desktop/CS learning_Hack Reactor /2209 HR immersive course/FrontEndCapstone-EcommercePage/client/src/hidden.js">
        <metrics statements="1" coveredstatements="1" conditionals="0" coveredconditionals="0" methods="0" coveredmethods="0"/>
        <line num="3" count="1" type="stmt"/>
      </file>
    </package>
    <package name="client.src.Main">
      <metrics statements="37" coveredstatements="3" conditionals="6" coveredconditionals="0" methods="10" coveredmethods="0"/>
      <file name="App.jsx" path="/Users/liuqian/Desktop/CS learning_Hack Reactor /2209 HR immersive course/FrontEndCapstone-EcommercePage/client/src/Main/App.jsx">
        <metrics statements="37" coveredstatements="3" conditionals="6" coveredconditionals="0" methods="10" coveredmethods="0"/>
        <line num="15" count="1" type="stmt"/>
        <line num="18" count="0" type="stmt"/>
        <line num="30" count="0" type="stmt"/>
        <line num="31" count="0" type="stmt"/>
        <line num="32" count="0" type="stmt"/>
        <line num="36" count="0" type="stmt"/>
        <line num="39" count="0" type="stmt"/>
        <line num="46" count="0" type="stmt"/>
        <line num="47" count="0" type="stmt"/>
        <line num="48" count="0" type="stmt"/>
        <line num="50" count="0" type="stmt"/>
        <line num="51" count="0" type="stmt"/>
        <line num="52" count="0" type="stmt"/>
        <line num="53" count="0" type="stmt"/>
        <line num="56" count="0" type="stmt"/>
        <line num="57" count="0" type="stmt"/>
        <line num="60" count="0" type="stmt"/>
        <line num="61" count="0" type="stmt"/>
        <line num="62" count="0" type="stmt"/>
        <line num="66" count="0" type="stmt"/>
        <line num="67" count="0" type="stmt"/>
        <line num="68" count="0" type="stmt"/>
        <line num="69" count="0" type="stmt"/>
        <line num="71" count="0" type="stmt"/>
        <line num="74" count="0" type="stmt"/>
        <line num="77" count="0" type="stmt"/>
        <line num="80" count="0" type="stmt"/>
        <line num="82" count="0" type="stmt"/>
        <line num="83" count="0" type="stmt"/>
        <line num="84" count="0" type="stmt"/>
        <line num="85" count="0" type="stmt"/>
        <line num="87" count="0" type="stmt"/>
        <line num="89" count="0" type="stmt"/>
        <line num="92" count="0" type="stmt"/>
        <line num="100" count="0" type="stmt"/>
        <line num="107" count="1" type="stmt"/>
        <line num="110" count="1" type="stmt"/>
      </file>
    </package>
    <package name="client.src.Main.WidgetEric">
      <metrics statements="3" coveredstatements="2" conditionals="2" coveredconditionals="0" methods="1" coveredmethods="0"/>
      <file name="API.js" path="/Users/liuqian/Desktop/CS learning_Hack Reactor /2209 HR immersive course/FrontEndCapstone-EcommercePage/client/src/Main/WidgetEric/API.js">
        <metrics statements="1" coveredstatements="1" conditionals="0" coveredconditionals="0" methods="0" coveredmethods="0"/>
        <line num="3" count="1" type="stmt"/>
      </file>
      <file name="main.jsx" path="/Users/liuqian/Desktop/CS learning_Hack Reactor /2209 HR immersive course/FrontEndCapstone-EcommercePage/client/src/Main/WidgetEric/main.jsx">
        <metrics statements="2" coveredstatements="1" conditionals="2" coveredconditionals="0" methods="1" coveredmethods="0"/>
        <line num="4" count="1" type="stmt"/>
        <line num="6" count="0" type="stmt"/>
      </file>
    </package>
    <package name="client.src.Main.WidgetEric.Components">
      <metrics statements="82" coveredstatements="6" conditionals="33" coveredconditionals="0" methods="31" coveredmethods="0"/>
      <file name="OutfitCard.jsx" path="/Users/liuqian/Desktop/CS learning_Hack Reactor /2209 HR immersive course/FrontEndCapstone-EcommercePage/client/src/Main/WidgetEric/Components/OutfitCard.jsx">
        <metrics statements="14" coveredstatements="1" conditionals="4" coveredconditionals="0" methods="4" coveredmethods="0"/>
        <line num="5" count="1" type="stmt"/>
        <line num="7" count="0" type="stmt"/>
        <line num="9" count="0" type="cond" truecount="0" falsecount="2"/>
        <line num="10" count="0" type="stmt"/>
        <line num="11" count="0" type="stmt"/>
        <line num="13" count="0" type="stmt"/>
        <line num="15" count="0" type="stmt"/>
        <line num="17" count="0" type="stmt"/>
        <line num="18" count="0" type="stmt"/>
        <line num="19" count="0" type="stmt"/>
        <line num="20" count="0" type="stmt"/>
        <line num="25" count="0" type="cond" truecount="0" falsecount="2"/>
        <line num="26" count="0" type="stmt"/>
        <line num="29" count="0" type="stmt"/>
      </file>
      <file name="OutfitList.jsx" path="/Users/liuqian/Desktop/CS learning_Hack Reactor /2209 HR immersive course/FrontEndCapstone-EcommercePage/client/src/Main/WidgetEric/Components/OutfitList.jsx">
        <metrics statements="17" coveredstatements="1" conditionals="2" coveredconditionals="0" methods="6" coveredmethods="0"/>
        <line num="4" count="1" type="stmt"/>
        <line num="6" count="0" type="stmt"/>
        <line num="7" count="0" type="stmt"/>
        <line num="8" count="0" type="stmt"/>
        <line num="10" count="0" type="stmt"/>
        <line num="11" count="0" type="stmt"/>
        <line num="14" count="0" type="stmt"/>
        <line num="15" count="0" type="stmt"/>
        <line num="16" count="0" type="stmt"/>
        <line num="17" count="0" type="stmt"/>
        <line num="19" count="0" type="stmt"/>
        <line num="22" count="0" type="stmt"/>
        <line num="23" count="0" type="stmt"/>
        <line num="24" count="0" type="stmt"/>
        <line num="27" count="0" type="stmt"/>
        <line num="31" count="0" type="stmt"/>
        <line num="37" count="0" type="cond" truecount="0" falsecount="2"/>
      </file>
      <file name="ProductComparison.jsx" path="/Users/liuqian/Desktop/CS learning_Hack Reactor /2209 HR immersive course/FrontEndCapstone-EcommercePage/client/src/Main/WidgetEric/Components/ProductComparison.jsx">
        <metrics statements="10" coveredstatements="1" conditionals="12" coveredconditionals="0" methods="3" coveredmethods="0"/>
        <line num="4" count="1" type="stmt"/>
        <line num="6" count="0" type="stmt"/>
        <line num="7" count="0" type="stmt"/>
        <line num="10" count="0" type="stmt"/>
        <line num="11" count="0" type="stmt"/>
        <line num="12" count="0" type="stmt"/>
        <line num="13" count="0" type="stmt"/>
        <line num="14" count="0" type="stmt"/>
        <line num="16" count="0" type="stmt"/>
        <line num="19" count="0" type="stmt"/>
      </file>
      <file name="RelatedCard.jsx" path="/Users/liuqian/Desktop/CS learning_Hack Reactor /2209 HR immersive course/FrontEndCapstone-EcommercePage/client/src/Main/WidgetEric/Components/RelatedCard.jsx">
        <metrics statements="17" coveredstatements="1" conditionals="13" coveredconditionals="0" methods="4" coveredmethods="0"/>
        <line num="4" count="1" type="stmt"/>
        <line num="6" count="0" type="stmt"/>
        <line num="7" count="0" type="stmt"/>
        <line num="9" count="0" type="stmt"/>
        <line num="10" count="0" type="cond" truecount="0" falsecount="5"/>
        <line num="11" count="0" type="stmt"/>
        <line num="12" count="0" type="stmt"/>
        <line num="18" count="0" type="stmt"/>
        <line num="22" count="0" type="stmt"/>
        <line num="23" count="0" type="stmt"/>
        <line num="24" count="0" type="stmt"/>
        <line num="25" count="0" type="stmt"/>
        <line num="26" count="0" type="stmt"/>
        <line num="28" count="0" type="stmt"/>
        <line num="32" count="0" type="cond" truecount="0" falsecount="2"/>
        <line num="33" count="0" type="stmt"/>
        <line num="36" count="0" type="stmt"/>
      </file>
      <file name="RelatedItemsAndOutfit.jsx" path="/Users/liuqian/Desktop/CS learning_Hack Reactor /2209 HR immersive course/FrontEndCapstone-EcommercePage/client/src/Main/WidgetEric/Components/RelatedItemsAndOutfit.jsx">
        <metrics statements="21" coveredstatements="1" conditionals="0" coveredconditionals="0" methods="12" coveredmethods="0"/>
        <line num="9" count="1" type="stmt"/>
        <line num="11" count="0" type="stmt"/>
        <line num="13" count="0" type="stmt"/>
        <line num="15" count="0" type="stmt"/>
        <line num="16" count="0" type="stmt"/>
        <line num="18" count="0" type="stmt"/>
        <line num="20" count="0" type="stmt"/>
        <line num="22" count="0" type="stmt"/>
        <line num="23" count="0" type="stmt"/>
        <line num="26" count="0" type="stmt"/>
        <line num="27" count="0" type="stmt"/>
        <line num="30" count="0" type="stmt"/>
        <line num="31" count="0" type="stmt"/>
        <line num="34" count="0" type="stmt"/>
        <line num="36" count="0" type="stmt"/>
        <line num="39" count="0" type="stmt"/>
        <line num="41" count="0" type="stmt"/>
        <line num="44" count="0" type="stmt"/>
        <line num="46" count="0" type="stmt"/>
        <line num="47" count="0" type="stmt"/>
        <line num="52" count="0" type="stmt"/>
      </file>
      <file name="RelatedList.jsx" path="/Users/liuqian/Desktop/CS learning_Hack Reactor /2209 HR immersive course/FrontEndCapstone-EcommercePage/client/src/Main/WidgetEric/Components/RelatedList.jsx">
        <metrics statements="3" coveredstatements="1" conditionals="2" coveredconditionals="0" methods="2" coveredmethods="0"/>
        <line num="4" count="1" type="stmt"/>
        <line num="6" count="0" type="stmt"/>
        <line num="10" count="0" type="cond" truecount="0" falsecount="2"/>
      </file>
    </package>
    <package name="client.src.Main.WidgetMonica">
      <metrics statements="29" coveredstatements="21" conditionals="4" coveredconditionals="1" methods="6" coveredmethods="5"/>
      <file name="main.jsx" path="/Users/liuqian/Desktop/CS learning_Hack Reactor /2209 HR immersive course/FrontEndCapstone-EcommercePage/client/src/Main/WidgetMonica/main.jsx">
        <metrics statements="29" coveredstatements="21" conditionals="4" coveredconditionals="1" methods="6" coveredmethods="5"/>
        <line num="12" count="1" type="stmt"/>
        <line num="13" count="2" type="stmt"/>
        <line num="14" count="2" type="stmt"/>
        <line num="16" count="2" type="stmt"/>
        <line num="18" count="2" type="stmt"/>
        <line num="19" count="1" type="stmt"/>
        <line num="22" count="1" type="stmt"/>
        <line num="23" count="1" type="stmt"/>
        <line num="26" count="0" type="stmt"/>
        <line num="30" count="2" type="stmt"/>
        <line num="31" count="2" type="stmt"/>
        <line num="32" count="2" type="stmt"/>
        <line num="33" count="2" type="stmt"/>
        <line num="35" count="2" type="stmt"/>
        <line num="38" count="2" type="stmt"/>
        <line num="40" count="4" type="cond" truecount="1" falsecount="1"/>
        <line num="41" count="4" type="stmt"/>
        <line num="43" count="0" type="stmt"/>
        <line num="44" count="0" type="stmt"/>
        <line num="45" count="0" type="stmt"/>
        <line num="46" count="0" type="cond" truecount="0" falsecount="2"/>
        <line num="47" count="0" type="stmt"/>
        <line num="50" count="0" type="stmt"/>
        <line num="51" count="0" type="stmt"/>
        <line num="54" count="2" type="stmt"/>
        <line num="74" count="1" type="stmt"/>
        <line num="80" count="1" type="stmt"/>
        <line num="86" count="1" type="stmt"/>
        <line num="91" count="1" type="stmt"/>
      </file>
    </package>
    <package name="client.src.Main.WidgetMonica.components.BottomSide">
      <metrics statements="41" coveredstatements="17" conditionals="6" coveredconditionals="3" methods="15" coveredmethods="5"/>
      <file name="AddQuestion.jsx" path="/Users/liuqian/Desktop/CS learning_Hack Reactor /2209 HR immersive course/FrontEndCapstone-EcommercePage/client/src/Main/WidgetMonica/components/BottomSide/AddQuestion.jsx">
        <metrics statements="11" coveredstatements="8" conditionals="0" coveredconditionals="0" methods="6" coveredmethods="3"/>
        <line num="7" count="1" type="stmt"/>
        <line num="8" count="2" type="stmt"/>
        <line num="9" count="2" type="stmt"/>
        <line num="11" count="2" type="stmt"/>
        <line num="12" count="1" type="stmt"/>
        <line num="15" count="0" type="stmt"/>
        <line num="18" count="1" type="stmt"/>
        <line num="22" count="2" type="stmt"/>
        <line num="24" count="0" type="stmt"/>
        <line num="29" count="0" type="stmt"/>
        <line num="36" count="1" type="stmt"/>
      </file>
      <file name="ModalQuestion.jsx" path="/Users/liuqian/Desktop/CS learning_Hack Reactor /2209 HR immersive course/FrontEndCapstone-EcommercePage/client/src/Main/WidgetMonica/components/BottomSide/ModalQuestion.jsx">
        <metrics statements="21" coveredstatements="4" conditionals="2" coveredconditionals="1" methods="7" coveredmethods="1"/>
        <line num="7" count="1" type="stmt"/>
        <line num="17" count="1" type="stmt"/>
        <line num="28" count="2" type="cond" truecount="1" falsecount="1"/>
        <line num="29" count="2" type="stmt"/>
        <line num="31" count="0" type="stmt"/>
        <line num="32" count="0" type="stmt"/>
        <line num="33" count="0" type="stmt"/>
        <line num="35" count="0" type="stmt"/>
        <line num="37" count="0" type="stmt"/>
        <line num="38" count="0" type="stmt"/>
        <line num="45" count="0" type="stmt"/>
        <line num="47" count="0" type="stmt"/>
        <line num="48" count="0" type="stmt"/>
        <line num="49" count="0" type="stmt"/>
        <line num="50" count="0" type="stmt"/>
        <line num="51" count="0" type="stmt"/>
        <line num="54" count="0" type="stmt"/>
        <line num="57" count="0" type="stmt"/>
        <line num="68" count="0" type="stmt"/>
        <line num="72" count="0" type="stmt"/>
        <line num="77" count="0" type="stmt"/>
      </file>
      <file name="MoreAnsweredQuestions.jsx" path="/Users/liuqian/Desktop/CS learning_Hack Reactor /2209 HR immersive course/FrontEndCapstone-EcommercePage/client/src/Main/WidgetMonica/components/BottomSide/MoreAnsweredQuestions.jsx">
        <metrics statements="9" coveredstatements="5" conditionals="4" coveredconditionals="2" methods="2" coveredmethods="1"/>
        <line num="5" count="1" type="stmt"/>
        <line num="6" count="2" type="stmt"/>
        <line num="7" count="2" type="cond" truecount="2" falsecount="2"/>
        <line num="8" count="2" type="stmt"/>
        <line num="11" count="0" type="stmt"/>
        <line num="12" count="0" type="stmt"/>
        <line num="13" count="0" type="stmt"/>
        <line num="17" count="0" type="stmt"/>
        <line num="21" count="1" type="stmt"/>
      </file>
    </package>
    <package name="client.src.Main.WidgetMonica.components.FrontSide">
      <metrics statements="7" coveredstatements="4" conditionals="2" coveredconditionals="0" methods="2" coveredmethods="1"/>
      <file name="SearchBar.jsx" path="/Users/liuqian/Desktop/CS learning_Hack Reactor /2209 HR immersive course/FrontEndCapstone-EcommercePage/client/src/Main/WidgetMonica/components/FrontSide/SearchBar.jsx">
        <metrics statements="7" coveredstatements="4" conditionals="2" coveredconditionals="0" methods="2" coveredmethods="1"/>
        <line num="7" count="1" type="stmt"/>
        <line num="12" count="1" type="stmt"/>
        <line num="14" count="2" type="stmt"/>
        <line num="15" count="0" type="stmt"/>
        <line num="17" count="0" type="cond" truecount="0" falsecount="2"/>
        <line num="18" count="0" type="stmt"/>
        <line num="22" count="2" type="stmt"/>
      </file>
    </package>
    <package name="client.src.Main.WidgetMonica.components.MiddleSide">
      <metrics statements="204" coveredstatements="89" conditionals="54" coveredconditionals="23" methods="57" coveredmethods="20"/>
      <file name="AddAnswer.jsx" path="/Users/liuqian/Desktop/CS learning_Hack Reactor /2209 HR immersive course/FrontEndCapstone-EcommercePage/client/src/Main/WidgetMonica/components/MiddleSide/AddAnswer.jsx">
        <metrics statements="11" coveredstatements="8" conditionals="0" coveredconditionals="0" methods="6" coveredmethods="3"/>
        <line num="7" count="1" type="stmt"/>
        <line num="8" count="4" type="stmt"/>
        <line num="9" count="4" type="stmt"/>
        <line num="10" count="4" type="stmt"/>
        <line num="11" count="2" type="stmt"/>
        <line num="15" count="0" type="stmt"/>
        <line num="18" count="2" type="stmt"/>
        <line num="22" count="4" type="stmt"/>
        <line num="24" count="0" type="stmt"/>
        <line num="34" count="0" type="stmt"/>
        <line num="41" count="1" type="stmt"/>
      </file>
      <file name="Answers.jsx" path="/Users/liuqian/Desktop/CS learning_Hack Reactor /2209 HR immersive course/FrontEndCapstone-EcommercePage/client/src/Main/WidgetMonica/components/MiddleSide/Answers.jsx">
        <metrics statements="47" coveredstatements="24" conditionals="16" coveredconditionals="10" methods="13" coveredmethods="4"/>
        <line num="6" count="1" type="stmt"/>
        <line num="8" count="5" type="stmt"/>
        <line num="12" count="4" type="stmt"/>
        <line num="13" count="4" type="stmt"/>
        <line num="14" count="4" type="stmt"/>
        <line num="15" count="2" type="stmt"/>
        <line num="17" count="4" type="stmt"/>
        <line num="20" count="4" type="stmt"/>
        <line num="22" count="0" type="stmt"/>
        <line num="23" count="0" type="stmt"/>
        <line num="24" count="0" type="stmt"/>
        <line num="25" count="0" type="cond" truecount="0" falsecount="2"/>
        <line num="26" count="0" type="stmt"/>
        <line num="30" count="4" type="stmt"/>
        <line num="31" count="0" type="stmt"/>
        <line num="32" count="0" type="cond" truecount="0" falsecount="2"/>
        <line num="33" count="0" type="stmt"/>
        <line num="36" count="0" type="stmt"/>
        <line num="37" count="0" type="stmt"/>
        <line num="38" count="0" type="stmt"/>
        <line num="39" count="0" type="stmt"/>
        <line num="41" count="0" type="stmt"/>
        <line num="43" count="0" type="stmt"/>
        <line num="46" count="0" type="stmt"/>
        <line num="49" count="4" type="stmt"/>
        <line num="51" count="0" type="stmt"/>
        <line num="52" count="0" type="stmt"/>
        <line num="55" count="0" type="stmt"/>
        <line num="56" count="0" type="stmt"/>
        <line num="57" count="0" type="stmt"/>
        <line num="59" count="0" type="stmt"/>
        <line num="64" count="4" type="stmt"/>
        <line num="68" count="2" type="stmt"/>
        <line num="86" count="0" type="stmt"/>
        <line num="89" count="0" type="cond" truecount="3" falsecount="0"/>
        <line num="98" count="4" type="stmt"/>
        <line num="118" count="1" type="stmt"/>
        <line num="123" count="1" type="stmt"/>
        <line num="128" count="1" type="stmt"/>
        <line num="137" count="1" type="stmt"/>
        <line num="141" count="1" type="stmt"/>
        <line num="146" count="1" type="stmt"/>
        <line num="155" count="1" type="stmt"/>
        <line num="164" count="1" type="stmt"/>
        <line num="170" count="1" type="stmt"/>
        <line num="182" count="1" type="stmt"/>
        <line num="189" count="1" type="stmt"/>
      </file>
      <file name="IndividualQuestion.jsx" path="/Users/liuqian/Desktop/CS learning_Hack Reactor /2209 HR immersive course/FrontEndCapstone-EcommercePage/client/src/Main/WidgetMonica/components/MiddleSide/IndividualQuestion.jsx">
        <metrics statements="52" coveredstatements="41" conditionals="13" coveredconditionals="8" methods="12" coveredmethods="8"/>
        <line num="8" count="1" type="stmt"/>
        <line num="9" count="5" type="cond" truecount="1" falsecount="1"/>
        <line num="10" count="0" type="stmt"/>
        <line num="13" count="4" type="stmt"/>
        <line num="15" count="4" type="stmt"/>
        <line num="16" count="4" type="stmt"/>
        <line num="17" count="4" type="stmt"/>
        <line num="19" count="4" type="stmt"/>
        <line num="20" count="1" type="stmt"/>
        <line num="21" count="1" type="stmt"/>
        <line num="22" count="1" type="stmt"/>
        <line num="23" count="1" type="stmt"/>
        <line num="24" count="4" type="cond" truecount="4" falsecount="1"/>
        <line num="25" count="0" type="stmt"/>
        <line num="27" count="4" type="stmt"/>
        <line num="30" count="1" type="stmt"/>
        <line num="31" count="2" type="stmt"/>
        <line num="32" count="3" type="cond" truecount="3" falsecount="1"/>
        <line num="34" count="2" type="stmt"/>
        <line num="36" count="1" type="stmt"/>
        <line num="37" count="1" type="stmt"/>
        <line num="38" count="1" type="stmt"/>
        <line num="39" count="1" type="stmt"/>
        <line num="42" count="4" type="stmt"/>
        <line num="43" count="2" type="stmt"/>
        <line num="50" count="2" type="stmt"/>
        <line num="52" count="1" type="stmt"/>
        <line num="53" count="1" type="stmt"/>
        <line num="54" count="1" type="stmt"/>
        <line num="55" count="1" type="stmt"/>
        <line num="56" count="4" type="stmt"/>
        <line num="57" count="4" type="stmt"/>
        <line num="59" count="1" type="stmt"/>
        <line num="60" count="1" type="stmt"/>
        <line num="61" count="1" type="stmt"/>
        <line num="64" count="1" type="stmt"/>
        <line num="68" count="4" type="stmt"/>
        <line num="69" count="0" type="stmt"/>
        <line num="70" count="0" type="cond" truecount="0" falsecount="2"/>
        <line num="71" count="0" type="stmt"/>
        <line num="73" count="0" type="stmt"/>
        <line num="74" count="0" type="stmt"/>
        <line num="75" count="0" type="stmt"/>
        <line num="79" count="0" type="stmt"/>
        <line num="81" count="0" type="stmt"/>
        <line num="84" count="4" type="stmt"/>
        <line num="93" count="0" type="stmt"/>
        <line num="125" count="1" type="stmt"/>
        <line num="133" count="1" type="stmt"/>
        <line num="143" count="1" type="stmt"/>
        <line num="148" count="1" type="stmt"/>
        <line num="153" count="1" type="stmt"/>
      </file>
      <file name="ModalAnswer.jsx" path="/Users/liuqian/Desktop/CS learning_Hack Reactor /2209 HR immersive course/FrontEndCapstone-EcommercePage/client/src/Main/WidgetMonica/components/MiddleSide/ModalAnswer.jsx">
        <metrics statements="81" coveredstatements="5" conditionals="17" coveredconditionals="1" methods="22" coveredmethods="1"/>
        <line num="8" count="1" type="stmt"/>
        <line num="15" count="1" type="stmt"/>
        <line num="25" count="1" type="stmt"/>
        <line num="35" count="4" type="cond" truecount="1" falsecount="1"/>
        <line num="36" count="4" type="stmt"/>
        <line num="38" count="0" type="stmt"/>
        <line num="39" count="0" type="stmt"/>
        <line num="40" count="0" type="stmt"/>
        <line num="41" count="0" type="stmt"/>
        <line num="42" count="0" type="stmt"/>
        <line num="45" count="0" type="stmt"/>
        <line num="46" count="0" type="stmt"/>
        <line num="48" count="0" type="stmt"/>
        <line num="49" count="0" type="stmt"/>
        <line num="50" count="0" type="stmt"/>
        <line num="51" count="0" type="cond" truecount="0" falsecount="5"/>
        <line num="52" count="0" type="stmt"/>
        <line num="54" count="0" type="stmt"/>
        <line num="57" count="0" type="stmt"/>
        <line num="58" count="0" type="stmt"/>
        <line num="59" count="0" type="cond" truecount="0" falsecount="4"/>
        <line num="61" count="0" type="stmt"/>
        <line num="63" count="0" type="stmt"/>
        <line num="64" count="0" type="stmt"/>
        <line num="65" count="0" type="stmt"/>
        <line num="66" count="0" type="stmt"/>
        <line num="69" count="0" type="stmt"/>
        <line num="70" count="0" type="stmt"/>
        <line num="72" count="0" type="stmt"/>
        <line num="73" count="0" type="stmt"/>
        <line num="74" count="0" type="stmt"/>
        <line num="76" count="0" type="stmt"/>
        <line num="77" count="0" type="stmt"/>
        <line num="80" count="0" type="stmt"/>
        <line num="87" count="0" type="stmt"/>
        <line num="88" count="0" type="stmt"/>
        <line num="91" count="0" type="stmt"/>
        <line num="92" count="0" type="stmt"/>
        <line num="93" count="0" type="stmt"/>
        <line num="94" count="0" type="stmt"/>
        <line num="95" count="0" type="stmt"/>
        <line num="98" count="0" type="stmt"/>
        <line num="99" count="0" type="stmt"/>
        <line num="100" count="0" type="stmt"/>
        <line num="101" count="0" type="stmt"/>
        <line num="102" count="0" type="stmt"/>
        <line num="103" count="0" type="stmt"/>
        <line num="107" count="0" type="stmt"/>
        <line num="111" count="0" type="stmt"/>
        <line num="114" count="0" type="stmt"/>
        <line num="119" count="0" type="stmt"/>
        <line num="121" count="0" type="stmt"/>
        <line num="122" count="0" type="stmt"/>
        <line num="125" count="0" type="stmt"/>
        <line num="126" count="0" type="stmt"/>
        <line num="127" count="0" type="stmt"/>
        <line num="128" count="0" type="stmt"/>
        <line num="129" count="0" type="stmt"/>
        <line num="139" count="0" type="stmt"/>
        <line num="142" count="0" type="stmt"/>
        <line num="145" count="0" type="stmt"/>
        <line num="146" count="0" type="stmt"/>
        <line num="147" count="0" type="stmt"/>
        <line num="148" count="0" type="stmt"/>
        <line num="149" count="0" type="stmt"/>
        <line num="152" count="0" type="cond" truecount="0" falsecount="2"/>
        <line num="153" count="0" type="stmt"/>
        <line num="155" count="0" type="stmt"/>
        <line num="156" count="0" type="stmt"/>
        <line num="158" count="0" type="stmt"/>
        <line num="159" count="0" type="cond" truecount="0" falsecount="2"/>
        <line num="160" count="0" type="stmt"/>
        <line num="162" count="0" type="stmt"/>
        <line num="163" count="0" type="stmt"/>
        <line num="165" count="0" type="stmt"/>
        <line num="168" count="0" type="stmt"/>
        <line num="182" count="0" type="stmt"/>
        <line num="187" count="0" type="stmt"/>
        <line num="192" count="0" type="stmt"/>
        <line num="197" count="0" type="stmt"/>
        <line num="199" count="0" type="stmt"/>
      </file>
      <file name="QuestionsList.jsx" path="/Users/liuqian/Desktop/CS learning_Hack Reactor /2209 HR immersive course/FrontEndCapstone-EcommercePage/client/src/Main/WidgetMonica/components/MiddleSide/QuestionsList.jsx">
        <metrics statements="13" coveredstatements="11" conditionals="8" coveredconditionals="4" methods="4" coveredmethods="4"/>
        <line num="7" count="1" type="stmt"/>
        <line num="8" count="3" type="cond" truecount="1" falsecount="1"/>
        <line num="9" count="0" type="stmt"/>
        <line num="11" count="2" type="stmt"/>
        <line num="12" count="2" type="stmt"/>
        <line num="13" count="1" type="cond" truecount="2" falsecount="2"/>
        <line num="15" count="2" type="stmt"/>
        <line num="17" count="2" type="stmt"/>
        <line num="18" count="2" type="cond" truecount="1" falsecount="1"/>
        <line num="19" count="0" type="stmt"/>
        <line num="22" count="2" type="stmt"/>
        <line num="23" count="3" type="stmt"/>
        <line num="26" count="2" type="stmt"/>
      </file>
    </package>
    <package name="client.src.Main.WidgetRandy">
      <metrics statements="17" coveredstatements="8" conditionals="12" coveredconditionals="0" methods="1" coveredmethods="0"/>
      <file name="main.jsx" path="/Users/liuqian/Desktop/CS learning_Hack Reactor /2209 HR immersive course/FrontEndCapstone-EcommercePage/client/src/Main/WidgetRandy/main.jsx">
        <metrics statements="17" coveredstatements="8" conditionals="12" coveredconditionals="0" methods="1" coveredmethods="0"/>
        <line num="14" count="1" type="stmt"/>
        <line num="16" count="0" type="cond" truecount="0" falsecount="2"/>
        <line num="17" count="0" type="stmt"/>
        <line num="18" count="0" type="stmt"/>
        <line num="19" count="0" type="cond" truecount="0" falsecount="2"/>
        <line num="22" count="0" type="stmt"/>
        <line num="23" count="0" type="stmt"/>
        <line num="24" count="0" type="stmt"/>
        <line num="25" count="0" type="stmt"/>
        <line num="27" count="0" type="stmt"/>
        <line num="59" count="1" type="stmt"/>
        <line num="68" count="1" type="stmt"/>
        <line num="71" count="1" type="stmt"/>
        <line num="76" count="1" type="stmt"/>
        <line num="82" count="1" type="stmt"/>
        <line num="86" count="1" type="stmt"/>
        <line num="91" count="1" type="stmt"/>
      </file>
    </package>
    <package name="client.src.Main.WidgetRandy.Components">
      <metrics statements="128" coveredstatements="29" conditionals="62" coveredconditionals="0" methods="26" coveredmethods="0"/>
      <file name="AddtoCart.jsx" path="/Users/liuqian/Desktop/CS learning_Hack Reactor /2209 HR immersive course/FrontEndCapstone-EcommercePage/client/src/Main/WidgetRandy/Components/AddtoCart.jsx">
        <metrics statements="47" coveredstatements="8" conditionals="22" coveredconditionals="0" methods="6" coveredmethods="0"/>
        <line num="11" count="1" type="stmt"/>
        <line num="15" count="0" type="stmt"/>
        <line num="16" count="0" type="stmt"/>
        <line num="17" count="0" type="stmt"/>
        <line num="19" count="0" type="stmt"/>
        <line num="22" count="0" type="cond" truecount="0" falsecount="2"/>
        <line num="23" count="0" type="stmt"/>
        <line num="24" count="0" type="stmt"/>
        <line num="26" count="0" type="stmt"/>
        <line num="29" count="0" type="stmt"/>
        <line num="30" count="0" type="stmt"/>
        <line num="31" count="0" type="stmt"/>
        <line num="35" count="0" type="stmt"/>
        <line num="36" count="0" type="stmt"/>
        <line num="37" count="0" type="stmt"/>
        <line num="39" count="0" type="cond" truecount="0" falsecount="2"/>
        <line num="42" count="0" type="stmt"/>
        <line num="43" count="0" type="stmt"/>
        <line num="44" count="0" type="stmt"/>
        <line num="47" count="0" type="stmt"/>
        <line num="48" count="0" type="cond" truecount="0" falsecount="2"/>
        <line num="50" count="0" type="stmt"/>
        <line num="55" count="0" type="stmt"/>
        <line num="56" count="0" type="stmt"/>
        <line num="60" count="0" type="stmt"/>
        <line num="61" count="0" type="stmt"/>
        <line num="62" count="0" type="cond" truecount="0" falsecount="2"/>
        <line num="63" count="0" type="stmt"/>
        <line num="67" count="0" type="stmt"/>
        <line num="68" count="0" type="stmt"/>
        <line num="69" count="0" type="cond" truecount="0" falsecount="2"/>
        <line num="70" count="0" type="stmt"/>
        <line num="71" count="0" type="stmt"/>
        <line num="73" count="0" type="stmt"/>
        <line num="74" count="0" type="stmt"/>
        <line num="75" count="0" type="stmt"/>
        <line num="77" count="0" type="stmt"/>
        <line num="78" count="0" type="stmt"/>
        <line num="86" count="0" type="stmt"/>
        <line num="87" count="0" type="stmt"/>
        <line num="113" count="1" type="stmt"/>
        <line num="119" count="1" type="stmt"/>
        <line num="122" count="1" type="stmt"/>
        <line num="127" count="1" type="stmt"/>
        <line num="132" count="1" type="stmt"/>
        <line num="137" count="1" type="stmt"/>
        <line num="141" count="1" type="stmt"/>
      </file>
      <file name="ImageGallery.jsx" path="/Users/liuqian/Desktop/CS learning_Hack Reactor /2209 HR immersive course/FrontEndCapstone-EcommercePage/client/src/Main/WidgetRandy/Components/ImageGallery.jsx">
        <metrics statements="35" coveredstatements="9" conditionals="16" coveredconditionals="0" methods="10" coveredmethods="0"/>
        <line num="9" count="1" type="stmt"/>
        <line num="12" count="0" type="stmt"/>
        <line num="15" count="0" type="stmt"/>
        <line num="16" count="0" type="stmt"/>
        <line num="17" count="0" type="stmt"/>
        <line num="18" count="0" type="stmt"/>
        <line num="23" count="0" type="stmt"/>
        <line num="24" count="0" type="stmt"/>
        <line num="28" count="0" type="stmt"/>
        <line num="29" count="0" type="cond" truecount="0" falsecount="2"/>
        <line num="30" count="0" type="stmt"/>
        <line num="31" count="0" type="stmt"/>
        <line num="35" count="0" type="stmt"/>
        <line num="36" count="0" type="cond" truecount="0" falsecount="2"/>
        <line num="37" count="0" type="stmt"/>
        <line num="38" count="0" type="stmt"/>
        <line num="42" count="0" type="stmt"/>
        <line num="43" count="0" type="cond" truecount="0" falsecount="2"/>
        <line num="44" count="0" type="stmt"/>
        <line num="45" count="0" type="cond" truecount="0" falsecount="2"/>
        <line num="48" count="0" type="stmt"/>
        <line num="49" count="0" type="cond" truecount="0" falsecount="2"/>
        <line num="50" count="0" type="cond" truecount="0" falsecount="2"/>
        <line num="53" count="0" type="stmt"/>
        <line num="64" count="0" type="stmt"/>
        <line num="86" count="1" type="stmt"/>
        <line num="96" count="1" type="stmt"/>
        <line num="103" count="1" type="stmt"/>
        <line num="107" count="1" type="stmt"/>
        <line num="117" count="1" type="stmt"/>
        <line num="121" count="0" type="cond" truecount="0" falsecount="2"/>
        <line num="124" count="1" type="stmt"/>
        <line num="131" count="0" type="cond" truecount="0" falsecount="2"/>
        <line num="134" count="1" type="stmt"/>
        <line num="143" count="1" type="stmt"/>
      </file>
      <file name="ProductInformation.jsx" path="/Users/liuqian/Desktop/CS learning_Hack Reactor /2209 HR immersive course/FrontEndCapstone-EcommercePage/client/src/Main/WidgetRandy/Components/ProductInformation.jsx">
        <metrics statements="32" coveredstatements="10" conditionals="24" coveredconditionals="0" methods="5" coveredmethods="0"/>
        <line num="10" count="1" type="stmt"/>
        <line num="12" count="0" type="stmt"/>
        <line num="13" count="0" type="stmt"/>
        <line num="14" count="0" type="stmt"/>
        <line num="16" count="0" type="stmt"/>
        <line num="19" count="0" type="stmt"/>
        <line num="20" count="0" type="stmt"/>
        <line num="23" count="0" type="stmt"/>
        <line num="24" count="0" type="cond" truecount="0" falsecount="2"/>
        <line num="25" count="0" type="cond" truecount="0" falsecount="4"/>
        <line num="26" count="0" type="cond" truecount="0" falsecount="4"/>
        <line num="27" count="0" type="cond" truecount="0" falsecount="4"/>
        <line num="30" count="0" type="stmt"/>
        <line num="31" count="0" type="cond" truecount="0" falsecount="2"/>
        <line num="32" count="0" type="stmt"/>
        <line num="36" count="0" type="stmt"/>
        <line num="39" count="0" type="stmt"/>
        <line num="40" count="0" type="stmt"/>
        <line num="42" count="0" type="stmt"/>
        <line num="43" count="0" type="stmt"/>
        <line num="46" count="0" type="stmt"/>
        <line num="50" count="0" type="stmt"/>
        <line num="67" count="1" type="stmt"/>
        <line num="73" count="1" type="stmt"/>
        <line num="74" count="0" type="stmt"/>
        <line num="79" count="1" type="stmt"/>
        <line num="86" count="1" type="stmt"/>
        <line num="90" count="1" type="stmt"/>
        <line num="94" count="1" type="stmt"/>
        <line num="98" count="1" type="stmt"/>
        <line num="102" count="1" type="stmt"/>
        <line num="108" count="1" type="stmt"/>
      </file>
      <file name="StyleSelector.jsx" path="/Users/liuqian/Desktop/CS learning_Hack Reactor /2209 HR immersive course/FrontEndCapstone-EcommercePage/client/src/Main/WidgetRandy/Components/StyleSelector.jsx">
        <metrics statements="14" coveredstatements="2" conditionals="0" coveredconditionals="0" methods="5" coveredmethods="0"/>
        <line num="5" count="1" type="stmt"/>
        <line num="7" count="0" type="stmt"/>
        <line num="10" count="0" type="stmt"/>
        <line num="11" count="0" type="stmt"/>
        <line num="12" count="0" type="stmt"/>
        <line num="14" count="0" type="stmt"/>
        <line num="15" count="0" type="stmt"/>
        <line num="16" count="0" type="stmt"/>
        <line num="19" count="0" type="stmt"/>
        <line num="20" count="0" type="stmt"/>
        <line num="23" count="0" type="stmt"/>
        <line num="26" count="0" type="stmt"/>
        <line num="28" count="0" type="stmt"/>
        <line num="35" count="1" type="stmt"/>
      </file>
    </package>
    <package name="client.src.Main.WidgetRandy.Components.SmallerComponents">
      <metrics statements="73" coveredstatements="32" conditionals="26" coveredconditionals="3" methods="21" coveredmethods="5"/>
      <file name="Circles.jsx" path="/Users/liuqian/Desktop/CS learning_Hack Reactor /2209 HR immersive course/FrontEndCapstone-EcommercePage/client/src/Main/WidgetRandy/Components/SmallerComponents/Circles.jsx">
        <metrics statements="8" coveredstatements="7" conditionals="2" coveredconditionals="1" methods="3" coveredmethods="2"/>
        <line num="4" count="1" type="stmt"/>
        <line num="6" count="1" type="stmt"/>
        <line num="7" count="1" type="cond" truecount="1" falsecount="1"/>
        <line num="9" count="1" type="stmt"/>
        <line num="10" count="0" type="stmt"/>
        <line num="12" count="1" type="stmt"/>
        <line num="17" count="1" type="stmt"/>
        <line num="22" count="1" type="stmt"/>
      </file>
      <file name="ExpandImage.jsx" path="/Users/liuqian/Desktop/CS learning_Hack Reactor /2209 HR immersive course/FrontEndCapstone-EcommercePage/client/src/Main/WidgetRandy/Components/SmallerComponents/ExpandImage.jsx">
        <metrics statements="42" coveredstatements="9" conditionals="20" coveredconditionals="0" methods="10" coveredmethods="0"/>
        <line num="9" count="1" type="stmt"/>
        <line num="11" count="0" type="stmt"/>
        <line num="14" count="0" type="stmt"/>
        <line num="15" count="0" type="stmt"/>
        <line num="16" count="0" type="stmt"/>
        <line num="17" count="0" type="stmt"/>
        <line num="18" count="0" type="stmt"/>
        <line num="23" count="0" type="stmt"/>
        <line num="24" count="0" type="stmt"/>
        <line num="25" count="0" type="cond" truecount="0" falsecount="2"/>
        <line num="28" count="0" type="stmt"/>
        <line num="29" count="0" type="stmt"/>
        <line num="30" count="0" type="cond" truecount="0" falsecount="2"/>
        <line num="33" count="0" type="stmt"/>
        <line num="34" count="0" type="cond" truecount="0" falsecount="2"/>
        <line num="35" count="0" type="stmt"/>
        <line num="36" count="0" type="stmt"/>
        <line num="40" count="0" type="stmt"/>
        <line num="41" count="0" type="cond" truecount="0" falsecount="2"/>
        <line num="42" count="0" type="stmt"/>
        <line num="43" count="0" type="stmt"/>
        <line num="47" count="0" type="stmt"/>
        <line num="48" count="0" type="cond" truecount="0" falsecount="2"/>
        <line num="49" count="0" type="stmt"/>
        <line num="50" count="0" type="cond" truecount="0" falsecount="2"/>
        <line num="53" count="0" type="stmt"/>
        <line num="54" count="0" type="cond" truecount="0" falsecount="2"/>
        <line num="55" count="0" type="cond" truecount="0" falsecount="2"/>
        <line num="58" count="0" type="cond" truecount="0" falsecount="2"/>
        <line num="59" count="0" type="stmt"/>
        <line num="67" count="0" type="stmt"/>
        <line num="79" count="0" type="stmt"/>
        <line num="95" count="0" type="stmt"/>
        <line num="104" count="1" type="stmt"/>
        <line num="110" count="1" type="stmt"/>
        <line num="114" count="0" type="cond" truecount="0" falsecount="2"/>
        <line num="117" count="1" type="stmt"/>
        <line num="127" count="1" type="stmt"/>
        <line num="137" count="1" type="stmt"/>
        <line num="144" count="1" type="stmt"/>
        <line num="154" count="1" type="stmt"/>
        <line num="163" count="1" type="stmt"/>
      </file>
      <file name="SmallerImage.jsx" path="/Users/liuqian/Desktop/CS learning_Hack Reactor /2209 HR immersive course/FrontEndCapstone-EcommercePage/client/src/Main/WidgetRandy/Components/SmallerComponents/SmallerImage.jsx">
        <metrics statements="8" coveredstatements="6" conditionals="2" coveredconditionals="1" methods="2" coveredmethods="1"/>
        <line num="4" count="1" type="stmt"/>
        <line num="5" count="1" type="stmt"/>
        <line num="6" count="0" type="stmt"/>
        <line num="9" count="1" type="cond" truecount="1" falsecount="1"/>
        <line num="10" count="0" type="stmt"/>
        <line num="12" count="1" type="stmt"/>
        <line num="16" count="1" type="stmt"/>
        <line num="25" count="1" type="stmt"/>
      </file>
      <file name="SocialMedia.jsx" path="/Users/liuqian/Desktop/CS learning_Hack Reactor /2209 HR immersive course/FrontEndCapstone-EcommercePage/client/src/Main/WidgetRandy/Components/SmallerComponents/SocialMedia.jsx">
        <metrics statements="6" coveredstatements="3" conditionals="0" coveredconditionals="0" methods="4" coveredmethods="1"/>
        <line num="6" count="1" type="stmt"/>
        <line num="7" count="1" type="stmt"/>
        <line num="9" count="0" type="stmt"/>
        <line num="10" count="0" type="stmt"/>
        <line num="11" count="0" type="stmt"/>
        <line num="16" count="1" type="stmt"/>
      </file>
      <file name="StyleSelectorCard.jsx" path="/Users/liuqian/Desktop/CS learning_Hack Reactor /2209 HR immersive course/FrontEndCapstone-EcommercePage/client/src/Main/WidgetRandy/Components/SmallerComponents/StyleSelectorCard.jsx">
        <metrics statements="9" coveredstatements="7" conditionals="2" coveredconditionals="1" methods="2" coveredmethods="1"/>
        <line num="6" count="1" type="stmt"/>
        <line num="7" count="1" type="cond" truecount="1" falsecount="1"/>
        <line num="8" count="1" type="stmt"/>
        <line num="17" count="0" type="stmt"/>
        <line num="19" count="0" type="stmt"/>
        <line num="26" count="1" type="stmt"/>
        <line num="33" count="1" type="stmt"/>
        <line num="40" count="1" type="stmt"/>
        <line num="44" count="1" type="stmt"/>
      </file>
    </package>
    <package name="tests.Overview">
      <metrics statements="1" coveredstatements="1" conditionals="0" coveredconditionals="0" methods="0" coveredmethods="0"/>
      <file name="testOverview.js" path="/Users/liuqian/Desktop/CS learning_Hack Reactor /2209 HR immersive course/FrontEndCapstone-EcommercePage/tests/Overview/testOverview.js">
        <metrics statements="1" coveredstatements="1" conditionals="0" coveredconditionals="0" methods="0" coveredmethods="0"/>
        <line num="1" count="1" type="stmt"/>
      </file>
    </package>
    <package name="tests.Q&A">
      <metrics statements="4" coveredstatements="4" conditionals="0" coveredconditionals="0" methods="0" coveredmethods="0"/>
      <file name="testAnswerData.js" path="/Users/liuqian/Desktop/CS learning_Hack Reactor /2209 HR immersive course/FrontEndCapstone-EcommercePage/tests/Q&A/testAnswerData.js">
        <metrics statements="2" coveredstatements="2" conditionals="0" coveredconditionals="0" methods="0" coveredmethods="0"/>
        <line num="1" count="1" type="stmt"/>
        <line num="72" count="1" type="stmt"/>
      </file>
      <file name="testQuestionData.js" path="/Users/liuqian/Desktop/CS learning_Hack Reactor /2209 HR immersive course/FrontEndCapstone-EcommercePage/tests/Q&A/testQuestionData.js">
        <metrics statements="2" coveredstatements="2" conditionals="0" coveredconditionals="0" methods="0" coveredmethods="0"/>
        <line num="1" count="1" type="stmt"/>
        <line num="105" count="1" type="stmt"/>
      </file>
    </package>
  </project>
</coverage>
