{"/Users/liuqian/Desktop/CS learning_Hack Reactor /2209 HR immersive course/FrontEndCapstone-EcommercePage/client/src/API.js": {"path":"/Users/liuqian/Desktop/CS learning_Hack Reactor /2209 HR immersive course/FrontEndCapstone-EcommercePage/client/src/API.js","statementMap":{"0":{"start":{"line":3,"column":12},"end":{"line":6,"column":1}}},"fnMap":{},"branchMap":{},"s":{"0":1},"f":{},"b":{},"_coverageSchema":"1a1c01bbd47fc00a2c39e90264f33305004495a9","hash":"5ceccc74b271e664cd8d80f2b94fccaac482bfbe"}
,"/Users/liuqian/Desktop/CS learning_Hack Reactor /2209 HR immersive course/FrontEndCapstone-EcommercePage/client/src/hidden.js": {"path":"/Users/liuqian/Desktop/CS learning_Hack Reactor /2209 HR immersive course/FrontEndCapstone-EcommercePage/client/src/hidden.js","statementMap":{"0":{"start":{"line":3,"column":17},"end":{"line":3,"column":59}}},"fnMap":{},"branchMap":{},"s":{"0":1},"f":{},"b":{},"_coverageSchema":"1a1c01bbd47fc00a2c39e90264f33305004495a9","hash":"44e270c6043d07b140552787570a8bf0a025e66b"}
,"/Users/liuqian/Desktop/CS learning_Hack Reactor /2209 HR immersive course/FrontEndCapstone-EcommercePage/client/src/Main/App.jsx": {"path":"/Users/liuqian/Desktop/CS learning_Hack Reactor /2209 HR immersive course/FrontEndCapstone-EcommercePage/client/src/Main/App.jsx","statementMap":{"0":{"start":{"line":15,"column":12},"end":{"line":104,"column":1}},"1":{"start":{"line":18,"column":24},"end":{"line":34,"column":3}},"2":{"start":{"line":30,"column":6},"end":{"line":30,"column":83}},"3":{"start":{"line":31,"column":6},"end":{"line":31,"column":46}},"4":{"start":{"line":32,"column":6},"end":{"line":32,"column":47}},"5":{"start":{"line":36,"column":20},"end":{"line":36,"column":41}},"6":{"start":{"line":39,"column":23},"end":{"line":43,"column":3}},"7":{"start":{"line":46,"column":38},"end":{"line":46,"column":60}},"8":{"start":{"line":47,"column":48},"end":{"line":47,"column":80}},"9":{"start":{"line":48,"column":32},"end":{"line":48,"column":46}},"10":{"start":{"line":50,"column":19},"end":{"line":50,"column":21}},"11":{"start":{"line":51,"column":23},"end":{"line":51,"column":25}},"12":{"start":{"line":52,"column":2},"end":{"line":54,"column":3}},"13":{"start":{"line":52,"column":15},"end":{"line":52,"column":16}},"14":{"start":{"line":53,"column":4},"end":{"line":53,"column":43}},"15":{"start":{"line":56,"column":21},"end":{"line":58,"column":3}},"16":{"start":{"line":57,"column":4},"end":{"line":57,"column":26}},"17":{"start":{"line":60,"column":22},"end":{"line":63,"column":3}},"18":{"start":{"line":61,"column":4},"end":{"line":61,"column":75}},"19":{"start":{"line":62,"column":4},"end":{"line":62,"column":66}},"20":{"start":{"line":66,"column":2},"end":{"line":90,"column":23}},"21":{"start":{"line":67,"column":4},"end":{"line":67,"column":52}},"22":{"start":{"line":68,"column":17},"end":{"line":68,"column":19}},"23":{"start":{"line":69,"column":4},"end":{"line":89,"column":37}},"24":{"start":{"line":71,"column":8},"end":{"line":71,"column":66}},"25":{"start":{"line":74,"column":26},"end":{"line":74,"column":167}},"26":{"start":{"line":77,"column":26},"end":{"line":77,"column":168}},"27":{"start":{"line":80,"column":8},"end":{"line":87,"column":41}},"28":{"start":{"line":82,"column":12},"end":{"line":82,"column":47}},"29":{"start":{"line":83,"column":12},"end":{"line":83,"column":47}},"30":{"start":{"line":84,"column":12},"end":{"line":84,"column":33}},"31":{"start":{"line":85,"column":12},"end":{"line":85,"column":59}},"32":{"start":{"line":87,"column":24},"end":{"line":87,"column":40}},"33":{"start":{"line":89,"column":20},"end":{"line":89,"column":36}},"34":{"start":{"line":92,"column":2},"end":{"line":103,"column":3}},"35":{"start":{"line":100,"column":71},"end":{"line":100,"column":88}},"36":{"start":{"line":107,"column":21},"end":{"line":108,"column":1}},"37":{"start":{"line":110,"column":21},"end":{"line":116,"column":1}}},"fnMap":{"0":{"name":"(anonymous_0)","decl":{"start":{"line":15,"column":12},"end":{"line":15,"column":13}},"loc":{"start":{"line":15,"column":18},"end":{"line":104,"column":1}},"line":15},"1":{"name":"(anonymous_1)","decl":{"start":{"line":29,"column":15},"end":{"line":29,"column":16}},"loc":{"start":{"line":29,"column":29},"end":{"line":33,"column":5}},"line":29},"2":{"name":"(anonymous_2)","decl":{"start":{"line":56,"column":21},"end":{"line":56,"column":22}},"loc":{"start":{"line":56,"column":28},"end":{"line":58,"column":3}},"line":56},"3":{"name":"(anonymous_3)","decl":{"start":{"line":60,"column":22},"end":{"line":60,"column":23}},"loc":{"start":{"line":60,"column":28},"end":{"line":63,"column":3}},"line":60},"4":{"name":"(anonymous_4)","decl":{"start":{"line":66,"column":12},"end":{"line":66,"column":13}},"loc":{"start":{"line":66,"column":18},"end":{"line":90,"column":3}},"line":66},"5":{"name":"(anonymous_5)","decl":{"start":{"line":70,"column":12},"end":{"line":70,"column":13}},"loc":{"start":{"line":70,"column":29},"end":{"line":88,"column":7}},"line":70},"6":{"name":"(anonymous_6)","decl":{"start":{"line":81,"column":16},"end":{"line":81,"column":17}},"loc":{"start":{"line":81,"column":33},"end":{"line":86,"column":11}},"line":81},"7":{"name":"(anonymous_7)","decl":{"start":{"line":87,"column":17},"end":{"line":87,"column":18}},"loc":{"start":{"line":87,"column":24},"end":{"line":87,"column":40}},"line":87},"8":{"name":"(anonymous_8)","decl":{"start":{"line":89,"column":13},"end":{"line":89,"column":14}},"loc":{"start":{"line":89,"column":20},"end":{"line":89,"column":36}},"line":89},"9":{"name":"(anonymous_9)","decl":{"start":{"line":100,"column":65},"end":{"line":100,"column":66}},"loc":{"start":{"line":100,"column":71},"end":{"line":100,"column":88}},"line":100}},"branchMap":{"0":{"loc":{"start":{"line":95,"column":7},"end":{"line":95,"column":87}},"type":"cond-expr","locations":[{"start":{"line":95,"column":31},"end":{"line":95,"column":80}},{"start":{"line":95,"column":83},"end":{"line":95,"column":87}}],"line":95},"1":{"loc":{"start":{"line":96,"column":7},"end":{"line":96,"column":63}},"type":"cond-expr","locations":[{"start":{"line":96,"column":20},"end":{"line":96,"column":56}},{"start":{"line":96,"column":59},"end":{"line":96,"column":63}}],"line":96},"2":{"loc":{"start":{"line":97,"column":7},"end":{"line":101,"column":21}},"type":"binary-expr","locations":[{"start":{"line":97,"column":7},"end":{"line":97,"column":14}},{"start":{"line":97,"column":18},"end":{"line":101,"column":21}}],"line":97}},"s":{"0":1,"1":0,"2":0,"3":0,"4":0,"5":0,"6":0,"7":0,"8":0,"9":0,"10":0,"11":0,"12":0,"13":0,"14":0,"15":0,"16":0,"17":0,"18":0,"19":0,"20":0,"21":0,"22":0,"23":0,"24":0,"25":0,"26":0,"27":0,"28":0,"29":0,"30":0,"31":0,"32":0,"33":0,"34":0,"35":0,"36":1,"37":1},"f":{"0":0,"1":0,"2":0,"3":0,"4":0,"5":0,"6":0,"7":0,"8":0,"9":0},"b":{"0":[0,0],"1":[0,0],"2":[0,0]},"_coverageSchema":"1a1c01bbd47fc00a2c39e90264f33305004495a9","hash":"5a6a22d6fb0cc0b7089c7912d5aff7c1fbfeb4ac"}
,"/Users/liuqian/Desktop/CS learning_Hack Reactor /2209 HR immersive course/FrontEndCapstone-EcommercePage/client/src/Main/WidgetEric/API.js": {"path":"/Users/liuqian/Desktop/CS learning_Hack Reactor /2209 HR immersive course/FrontEndCapstone-EcommercePage/client/src/Main/WidgetEric/API.js","statementMap":{"0":{"start":{"line":3,"column":12},"end":{"line":6,"column":1}}},"fnMap":{},"branchMap":{},"s":{"0":1},"f":{},"b":{},"_coverageSchema":"1a1c01bbd47fc00a2c39e90264f33305004495a9","hash":"ab823bd711217888fc98e912f7fb44d6b6b624e3"}
,"/Users/liuqian/Desktop/CS learning_Hack Reactor /2209 HR immersive course/FrontEndCapstone-EcommercePage/client/src/Main/WidgetEric/main.jsx": {"path":"/Users/liuqian/Desktop/CS learning_Hack Reactor /2209 HR immersive course/FrontEndCapstone-EcommercePage/client/src/Main/WidgetEric/main.jsx","statementMap":{"0":{"start":{"line":4,"column":17},"end":{"line":11,"column":1}},"1":{"start":{"line":6,"column":2},"end":{"line":10,"column":3}}},"fnMap":{"0":{"name":"(anonymous_0)","decl":{"start":{"line":4,"column":17},"end":{"line":4,"column":18}},"loc":{"start":{"line":4,"column":37},"end":{"line":11,"column":1}},"line":4}},"branchMap":{"0":{"loc":{"start":{"line":8,"column":5},"end":{"line":8,"column":87}},"type":"cond-expr","locations":[{"start":{"line":8,"column":31},"end":{"line":8,"column":80}},{"start":{"line":8,"column":83},"end":{"line":8,"column":87}}],"line":8}},"s":{"0":1,"1":0},"f":{"0":0},"b":{"0":[0,0]},"_coverageSchema":"1a1c01bbd47fc00a2c39e90264f33305004495a9","hash":"9ff421baa9999126d6a5729ff90f4b55a5827b08"}
,"/Users/liuqian/Desktop/CS learning_Hack Reactor /2209 HR immersive course/FrontEndCapstone-EcommercePage/client/src/Main/WidgetEric/Components/OutfitCard.jsx": {"path":"/Users/liuqian/Desktop/CS learning_Hack Reactor /2209 HR immersive course/FrontEndCapstone-EcommercePage/client/src/Main/WidgetEric/Components/OutfitCard.jsx","statementMap":{"0":{"start":{"line":5,"column":19},"end":{"line":36,"column":1}},"1":{"start":{"line":7,"column":43},"end":{"line":7,"column":53}},"2":{"start":{"line":9,"column":2},"end":{"line":23,"column":3}},"3":{"start":{"line":10,"column":4},"end":{"line":22,"column":10}},"4":{"start":{"line":11,"column":30},"end":{"line":11,"column":119}},"5":{"start":{"line":13,"column":32},"end":{"line":13,"column":128}},"6":{"start":{"line":15,"column":6},"end":{"line":21,"column":10}},"7":{"start":{"line":17,"column":26},"end":{"line":17,"column":28}},"8":{"start":{"line":18,"column":10},"end":{"line":18,"column":49}},"9":{"start":{"line":19,"column":10},"end":{"line":19,"column":51}},"10":{"start":{"line":20,"column":10},"end":{"line":20,"column":36}},"11":{"start":{"line":25,"column":2},"end":{"line":34,"column":3}},"12":{"start":{"line":26,"column":4},"end":{"line":33,"column":5}},"13":{"start":{"line":29,"column":32},"end":{"line":29,"column":50}}},"fnMap":{"0":{"name":"(anonymous_0)","decl":{"start":{"line":5,"column":19},"end":{"line":5,"column":20}},"loc":{"start":{"line":5,"column":47},"end":{"line":36,"column":1}},"line":5},"1":{"name":"(anonymous_1)","decl":{"start":{"line":10,"column":14},"end":{"line":10,"column":15}},"loc":{"start":{"line":10,"column":20},"end":{"line":22,"column":5}},"line":10},"2":{"name":"(anonymous_2)","decl":{"start":{"line":16,"column":14},"end":{"line":16,"column":15}},"loc":{"start":{"line":16,"column":27},"end":{"line":21,"column":9}},"line":16},"3":{"name":"(anonymous_3)","decl":{"start":{"line":29,"column":25},"end":{"line":29,"column":26}},"loc":{"start":{"line":29,"column":32},"end":{"line":29,"column":50}},"line":29}},"branchMap":{"0":{"loc":{"start":{"line":9,"column":2},"end":{"line":23,"column":3}},"type":"if","locations":[{"start":{"line":9,"column":2},"end":{"line":23,"column":3}},{"start":{},"end":{}}],"line":9},"1":{"loc":{"start":{"line":25,"column":2},"end":{"line":34,"column":3}},"type":"if","locations":[{"start":{"line":25,"column":2},"end":{"line":34,"column":3}},{"start":{},"end":{}}],"line":25}},"s":{"0":1,"1":0,"2":0,"3":0,"4":0,"5":0,"6":0,"7":0,"8":0,"9":0,"10":0,"11":0,"12":0,"13":0},"f":{"0":0,"1":0,"2":0,"3":0},"b":{"0":[0,0],"1":[0,0]},"_coverageSchema":"1a1c01bbd47fc00a2c39e90264f33305004495a9","hash":"06ec2d376831867c977c09b47a82d56a4d4e4ff2"}
,"/Users/liuqian/Desktop/CS learning_Hack Reactor /2209 HR immersive course/FrontEndCapstone-EcommercePage/client/src/Main/WidgetEric/Components/OutfitList.jsx": {"path":"/Users/liuqian/Desktop/CS learning_Hack Reactor /2209 HR immersive course/FrontEndCapstone-EcommercePage/client/src/Main/WidgetEric/Components/OutfitList.jsx","statementMap":{"0":{"start":{"line":4,"column":19},"end":{"line":41,"column":1}},"1":{"start":{"line":6,"column":39},"end":{"line":6,"column":49}},"2":{"start":{"line":7,"column":40},"end":{"line":7,"column":54}},"3":{"start":{"line":8,"column":22},"end":{"line":8,"column":24}},"4":{"start":{"line":10,"column":2},"end":{"line":12,"column":19}},"5":{"start":{"line":11,"column":4},"end":{"line":11,"column":25}},"6":{"start":{"line":14,"column":18},"end":{"line":20,"column":3}},"7":{"start":{"line":15,"column":22},"end":{"line":15,"column":24}},"8":{"start":{"line":16,"column":4},"end":{"line":18,"column":5}},"9":{"start":{"line":17,"column":6},"end":{"line":17,"column":27}},"10":{"start":{"line":19,"column":5},"end":{"line":19,"column":69}},"11":{"start":{"line":22,"column":21},"end":{"line":25,"column":3}},"12":{"start":{"line":23,"column":4},"end":{"line":23,"column":39}},"13":{"start":{"line":24,"column":4},"end":{"line":24,"column":25}},"14":{"start":{"line":27,"column":2},"end":{"line":40,"column":3}},"15":{"start":{"line":31,"column":32},"end":{"line":31,"column":120}},"16":{"start":{"line":37,"column":51},"end":{"line":37,"column":104}}},"fnMap":{"0":{"name":"(anonymous_0)","decl":{"start":{"line":4,"column":19},"end":{"line":4,"column":20}},"loc":{"start":{"line":4,"column":46},"end":{"line":41,"column":1}},"line":4},"1":{"name":"(anonymous_1)","decl":{"start":{"line":10,"column":12},"end":{"line":10,"column":13}},"loc":{"start":{"line":10,"column":18},"end":{"line":12,"column":3}},"line":10},"2":{"name":"(anonymous_2)","decl":{"start":{"line":14,"column":18},"end":{"line":14,"column":19}},"loc":{"start":{"line":14,"column":36},"end":{"line":20,"column":3}},"line":14},"3":{"name":"(anonymous_3)","decl":{"start":{"line":22,"column":21},"end":{"line":22,"column":22}},"loc":{"start":{"line":22,"column":36},"end":{"line":25,"column":3}},"line":22},"4":{"name":"(anonymous_4)","decl":{"start":{"line":31,"column":25},"end":{"line":31,"column":26}},"loc":{"start":{"line":31,"column":32},"end":{"line":31,"column":120}},"line":31},"5":{"name":"(anonymous_5)","decl":{"start":{"line":37,"column":39},"end":{"line":37,"column":40}},"loc":{"start":{"line":37,"column":51},"end":{"line":37,"column":104}},"line":37}},"branchMap":{"0":{"loc":{"start":{"line":37,"column":9},"end":{"line":37,"column":131}},"type":"cond-expr","locations":[{"start":{"line":37,"column":24},"end":{"line":37,"column":105}},{"start":{"line":37,"column":108},"end":{"line":37,"column":131}}],"line":37}},"s":{"0":1,"1":0,"2":0,"3":0,"4":0,"5":0,"6":0,"7":0,"8":0,"9":0,"10":0,"11":0,"12":0,"13":0,"14":0,"15":0,"16":0},"f":{"0":0,"1":0,"2":0,"3":0,"4":0,"5":0},"b":{"0":[0,0]},"_coverageSchema":"1a1c01bbd47fc00a2c39e90264f33305004495a9","hash":"c6fbf85e7e78f0fdabde8ab23aec3c9b8631c6b7"}
,"/Users/liuqian/Desktop/CS learning_Hack Reactor /2209 HR immersive course/FrontEndCapstone-EcommercePage/client/src/Main/WidgetEric/Components/ProductComparison.jsx": {"path":"/Users/liuqian/Desktop/CS learning_Hack Reactor /2209 HR immersive course/FrontEndCapstone-EcommercePage/client/src/Main/WidgetEric/Components/ProductComparison.jsx","statementMap":{"0":{"start":{"line":4,"column":26},"end":{"line":59,"column":1}},"1":{"start":{"line":6,"column":27},"end":{"line":8,"column":3}},"2":{"start":{"line":7,"column":4},"end":{"line":7,"column":28}},"3":{"start":{"line":10,"column":19},"end":{"line":17,"column":3}},"4":{"start":{"line":11,"column":16},"end":{"line":11,"column":44}},"5":{"start":{"line":12,"column":24},"end":{"line":12,"column":26}},"6":{"start":{"line":13,"column":4},"end":{"line":15,"column":5}},"7":{"start":{"line":14,"column":6},"end":{"line":14,"column":44}},"8":{"start":{"line":16,"column":4},"end":{"line":16,"column":24}},"9":{"start":{"line":19,"column":2},"end":{"line":58,"column":3}}},"fnMap":{"0":{"name":"(anonymous_0)","decl":{"start":{"line":4,"column":26},"end":{"line":4,"column":27}},"loc":{"start":{"line":4,"column":82},"end":{"line":59,"column":1}},"line":4},"1":{"name":"(anonymous_1)","decl":{"start":{"line":6,"column":27},"end":{"line":6,"column":28}},"loc":{"start":{"line":6,"column":33},"end":{"line":8,"column":3}},"line":6},"2":{"name":"(anonymous_2)","decl":{"start":{"line":10,"column":19},"end":{"line":10,"column":20}},"loc":{"start":{"line":10,"column":37},"end":{"line":17,"column":3}},"line":10}},"branchMap":{"0":{"loc":{"start":{"line":36,"column":15},"end":{"line":36,"column":89}},"type":"cond-expr","locations":[{"start":{"line":36,"column":63},"end":{"line":36,"column":74}},{"start":{"line":36,"column":77},"end":{"line":36,"column":89}}],"line":36},"1":{"loc":{"start":{"line":38,"column":15},"end":{"line":38,"column":90}},"type":"cond-expr","locations":[{"start":{"line":38,"column":64},"end":{"line":38,"column":75}},{"start":{"line":38,"column":78},"end":{"line":38,"column":90}}],"line":38},"2":{"loc":{"start":{"line":41,"column":15},"end":{"line":41,"column":91}},"type":"cond-expr","locations":[{"start":{"line":41,"column":64},"end":{"line":41,"column":76}},{"start":{"line":41,"column":79},"end":{"line":41,"column":91}}],"line":41},"3":{"loc":{"start":{"line":43,"column":15},"end":{"line":43,"column":92}},"type":"cond-expr","locations":[{"start":{"line":43,"column":65},"end":{"line":43,"column":77}},{"start":{"line":43,"column":80},"end":{"line":43,"column":92}}],"line":43},"4":{"loc":{"start":{"line":46,"column":15},"end":{"line":46,"column":88}},"type":"cond-expr","locations":[{"start":{"line":46,"column":62},"end":{"line":46,"column":73}},{"start":{"line":46,"column":76},"end":{"line":46,"column":88}}],"line":46},"5":{"loc":{"start":{"line":48,"column":15},"end":{"line":48,"column":89}},"type":"cond-expr","locations":[{"start":{"line":48,"column":63},"end":{"line":48,"column":74}},{"start":{"line":48,"column":77},"end":{"line":48,"column":89}}],"line":48}},"s":{"0":1,"1":0,"2":0,"3":0,"4":0,"5":0,"6":0,"7":0,"8":0,"9":0},"f":{"0":0,"1":0,"2":0},"b":{"0":[0,0],"1":[0,0],"2":[0,0],"3":[0,0],"4":[0,0],"5":[0,0]},"_coverageSchema":"1a1c01bbd47fc00a2c39e90264f33305004495a9","hash":"5e5285818bfe13d9da6b085acb6fe686977ad01a"}
,"/Users/liuqian/Desktop/CS learning_Hack Reactor /2209 HR immersive course/FrontEndCapstone-EcommercePage/client/src/Main/WidgetEric/Components/RelatedCard.jsx": {"path":"/Users/liuqian/Desktop/CS learning_Hack Reactor /2209 HR immersive course/FrontEndCapstone-EcommercePage/client/src/Main/WidgetEric/Components/RelatedCard.jsx","statementMap":{"0":{"start":{"line":4,"column":20},"end":{"line":49,"column":1}},"1":{"start":{"line":6,"column":45},"end":{"line":6,"column":55}},"2":{"start":{"line":7,"column":51},"end":{"line":7,"column":66}},"3":{"start":{"line":9,"column":2},"end":{"line":20,"column":8}},"4":{"start":{"line":10,"column":4},"end":{"line":19,"column":5}},"5":{"start":{"line":11,"column":18},"end":{"line":11,"column":77}},"6":{"start":{"line":12,"column":22},"end":{"line":17,"column":7}},"7":{"start":{"line":18,"column":6},"end":{"line":18,"column":34}},"8":{"start":{"line":22,"column":21},"end":{"line":29,"column":3}},"9":{"start":{"line":23,"column":14},"end":{"line":23,"column":15}},"10":{"start":{"line":24,"column":18},"end":{"line":24,"column":51}},"11":{"start":{"line":25,"column":4},"end":{"line":27,"column":5}},"12":{"start":{"line":25,"column":17},"end":{"line":25,"column":18}},"13":{"start":{"line":26,"column":6},"end":{"line":26,"column":30}},"14":{"start":{"line":28,"column":4},"end":{"line":28,"column":31}},"15":{"start":{"line":32,"column":2},"end":{"line":47,"column":3}},"16":{"start":{"line":33,"column":4},"end":{"line":46,"column":5}},"17":{"start":{"line":36,"column":31},"end":{"line":36,"column":69}}},"fnMap":{"0":{"name":"(anonymous_0)","decl":{"start":{"line":4,"column":20},"end":{"line":4,"column":21}},"loc":{"start":{"line":4,"column":88},"end":{"line":49,"column":1}},"line":4},"1":{"name":"(anonymous_1)","decl":{"start":{"line":9,"column":12},"end":{"line":9,"column":13}},"loc":{"start":{"line":9,"column":18},"end":{"line":20,"column":3}},"line":9},"2":{"name":"(anonymous_2)","decl":{"start":{"line":22,"column":21},"end":{"line":22,"column":22}},"loc":{"start":{"line":22,"column":40},"end":{"line":29,"column":3}},"line":22},"3":{"name":"(anonymous_3)","decl":{"start":{"line":36,"column":25},"end":{"line":36,"column":26}},"loc":{"start":{"line":36,"column":31},"end":{"line":36,"column":69}},"line":36}},"branchMap":{"0":{"loc":{"start":{"line":10,"column":4},"end":{"line":19,"column":5}},"type":"if","locations":[{"start":{"line":10,"column":4},"end":{"line":19,"column":5}},{"start":{},"end":{}}],"line":10},"1":{"loc":{"start":{"line":10,"column":8},"end":{"line":10,"column":100}},"type":"binary-expr","locations":[{"start":{"line":10,"column":8},"end":{"line":10,"column":37}},{"start":{"line":10,"column":41},"end":{"line":10,"column":68}},{"start":{"line":10,"column":72},"end":{"line":10,"column":100}}],"line":10},"2":{"loc":{"start":{"line":32,"column":2},"end":{"line":47,"column":3}},"type":"if","locations":[{"start":{"line":32,"column":2},"end":{"line":47,"column":3}},{"start":{},"end":{}}],"line":32},"3":{"loc":{"start":{"line":38,"column":11},"end":{"line":38,"column":172}},"type":"cond-expr","locations":[{"start":{"line":38,"column":30},"end":{"line":38,"column":165}},{"start":{"line":38,"column":168},"end":{"line":38,"column":172}}],"line":38},"4":{"loc":{"start":{"line":42,"column":14},"end":{"line":42,"column":107}},"type":"cond-expr","locations":[{"start":{"line":42,"column":63},"end":{"line":42,"column":87}},{"start":{"line":42,"column":90},"end":{"line":42,"column":107}}],"line":42},"5":{"loc":{"start":{"line":43,"column":14},"end":{"line":43,"column":218}},"type":"cond-expr","locations":[{"start":{"line":43,"column":66},"end":{"line":43,"column":164}},{"start":{"line":43,"column":168},"end":{"line":43,"column":218}}],"line":43}},"s":{"0":1,"1":0,"2":0,"3":0,"4":0,"5":0,"6":0,"7":0,"8":0,"9":0,"10":0,"11":0,"12":0,"13":0,"14":0,"15":0,"16":0,"17":0},"f":{"0":0,"1":0,"2":0,"3":0},"b":{"0":[0,0],"1":[0,0,0],"2":[0,0],"3":[0,0],"4":[0,0],"5":[0,0]},"_coverageSchema":"1a1c01bbd47fc00a2c39e90264f33305004495a9","hash":"eec152d56483637bf394a26acc8fe61bee8182d8"}
,"/Users/liuqian/Desktop/CS learning_Hack Reactor /2209 HR immersive course/FrontEndCapstone-EcommercePage/client/src/Main/WidgetEric/Components/RelatedItemsAndOutfit.jsx": {"path":"/Users/liuqian/Desktop/CS learning_Hack Reactor /2209 HR immersive course/FrontEndCapstone-EcommercePage/client/src/Main/WidgetEric/Components/RelatedItemsAndOutfit.jsx","statementMap":{"0":{"start":{"line":9,"column":30},"end":{"line":58,"column":1}},"1":{"start":{"line":11,"column":21},"end":{"line":11,"column":42}},"2":{"start":{"line":13,"column":49},"end":{"line":13,"column":59}},"3":{"start":{"line":15,"column":2},"end":{"line":50,"column":8}},"4":{"start":{"line":16,"column":5},"end":{"line":49,"column":10}},"5":{"start":{"line":18,"column":24},"end":{"line":18,"column":26}},"6":{"start":{"line":20,"column":8},"end":{"line":20,"column":58}},"7":{"start":{"line":22,"column":35},"end":{"line":24,"column":10}},"8":{"start":{"line":23,"column":10},"end":{"line":23,"column":111}},"9":{"start":{"line":26,"column":33},"end":{"line":28,"column":10}},"10":{"start":{"line":27,"column":10},"end":{"line":27,"column":118}},"11":{"start":{"line":30,"column":33},"end":{"line":32,"column":10}},"12":{"start":{"line":31,"column":10},"end":{"line":31,"column":122}},"13":{"start":{"line":34,"column":8},"end":{"line":37,"column":12}},"14":{"start":{"line":36,"column":12},"end":{"line":36,"column":83}},"15":{"start":{"line":36,"column":63},"end":{"line":36,"column":81}},"16":{"start":{"line":39,"column":8},"end":{"line":42,"column":12}},"17":{"start":{"line":41,"column":12},"end":{"line":41,"column":81}},"18":{"start":{"line":41,"column":61},"end":{"line":41,"column":79}},"19":{"start":{"line":44,"column":10},"end":{"line":48,"column":12}},"20":{"start":{"line":46,"column":12},"end":{"line":46,"column":82}},"21":{"start":{"line":46,"column":62},"end":{"line":46,"column":80}},"22":{"start":{"line":47,"column":12},"end":{"line":47,"column":41}},"23":{"start":{"line":52,"column":2},"end":{"line":57,"column":3}}},"fnMap":{"0":{"name":"(anonymous_0)","decl":{"start":{"line":9,"column":30},"end":{"line":9,"column":31}},"loc":{"start":{"line":9,"column":50},"end":{"line":58,"column":1}},"line":9},"1":{"name":"(anonymous_1)","decl":{"start":{"line":15,"column":12},"end":{"line":15,"column":13}},"loc":{"start":{"line":15,"column":18},"end":{"line":50,"column":3}},"line":15},"2":{"name":"(anonymous_2)","decl":{"start":{"line":17,"column":12},"end":{"line":17,"column":13}},"loc":{"start":{"line":17,"column":31},"end":{"line":49,"column":9}},"line":17},"3":{"name":"(anonymous_3)","decl":{"start":{"line":22,"column":60},"end":{"line":22,"column":61}},"loc":{"start":{"line":22,"column":75},"end":{"line":24,"column":9}},"line":22},"4":{"name":"(anonymous_4)","decl":{"start":{"line":26,"column":58},"end":{"line":26,"column":59}},"loc":{"start":{"line":26,"column":73},"end":{"line":28,"column":9}},"line":26},"5":{"name":"(anonymous_5)","decl":{"start":{"line":30,"column":58},"end":{"line":30,"column":59}},"loc":{"start":{"line":30,"column":73},"end":{"line":32,"column":9}},"line":30},"6":{"name":"(anonymous_6)","decl":{"start":{"line":35,"column":16},"end":{"line":35,"column":17}},"loc":{"start":{"line":35,"column":29},"end":{"line":37,"column":11}},"line":35},"7":{"name":"(anonymous_7)","decl":{"start":{"line":36,"column":50},"end":{"line":36,"column":51}},"loc":{"start":{"line":36,"column":62},"end":{"line":36,"column":82}},"line":36},"8":{"name":"(anonymous_8)","decl":{"start":{"line":40,"column":16},"end":{"line":40,"column":17}},"loc":{"start":{"line":40,"column":29},"end":{"line":42,"column":11}},"line":40},"9":{"name":"(anonymous_9)","decl":{"start":{"line":41,"column":48},"end":{"line":41,"column":49}},"loc":{"start":{"line":41,"column":60},"end":{"line":41,"column":80}},"line":41},"10":{"name":"(anonymous_10)","decl":{"start":{"line":45,"column":16},"end":{"line":45,"column":17}},"loc":{"start":{"line":45,"column":29},"end":{"line":48,"column":11}},"line":45},"11":{"name":"(anonymous_11)","decl":{"start":{"line":46,"column":49},"end":{"line":46,"column":50}},"loc":{"start":{"line":46,"column":61},"end":{"line":46,"column":81}},"line":46}},"branchMap":{},"s":{"0":1,"1":0,"2":0,"3":0,"4":0,"5":0,"6":0,"7":0,"8":0,"9":0,"10":0,"11":0,"12":0,"13":0,"14":0,"15":0,"16":0,"17":0,"18":0,"19":0,"20":0,"21":0,"22":0,"23":0},"f":{"0":0,"1":0,"2":0,"3":0,"4":0,"5":0,"6":0,"7":0,"8":0,"9":0,"10":0,"11":0},"b":{},"_coverageSchema":"1a1c01bbd47fc00a2c39e90264f33305004495a9","hash":"93dabbfa22e9ceca34bafea34c857de242d47434"}
,"/Users/liuqian/Desktop/CS learning_Hack Reactor /2209 HR immersive course/FrontEndCapstone-EcommercePage/client/src/Main/WidgetEric/Components/RelatedList.jsx": {"path":"/Users/liuqian/Desktop/CS learning_Hack Reactor /2209 HR immersive course/FrontEndCapstone-EcommercePage/client/src/Main/WidgetEric/Components/RelatedList.jsx","statementMap":{"0":{"start":{"line":4,"column":20},"end":{"line":14,"column":1}},"1":{"start":{"line":6,"column":2},"end":{"line":13,"column":3}},"2":{"start":{"line":10,"column":90},"end":{"line":10,"column":225}}},"fnMap":{"0":{"name":"(anonymous_0)","decl":{"start":{"line":4,"column":20},"end":{"line":4,"column":21}},"loc":{"start":{"line":4,"column":70},"end":{"line":14,"column":1}},"line":4},"1":{"name":"(anonymous_1)","decl":{"start":{"line":10,"column":67},"end":{"line":10,"column":68}},"loc":{"start":{"line":10,"column":90},"end":{"line":10,"column":225}},"line":10}},"branchMap":{"0":{"loc":{"start":{"line":10,"column":9},"end":{"line":10,"column":245}},"type":"cond-expr","locations":[{"start":{"line":10,"column":29},"end":{"line":10,"column":227}},{"start":{"line":10,"column":231},"end":{"line":10,"column":245}}],"line":10}},"s":{"0":1,"1":0,"2":0},"f":{"0":0,"1":0},"b":{"0":[0,0]},"_coverageSchema":"1a1c01bbd47fc00a2c39e90264f33305004495a9","hash":"1a81c80b65cf2561fc7728b519d6855dc9452c8e"}
,"/Users/liuqian/Desktop/CS learning_Hack Reactor /2209 HR immersive course/FrontEndCapstone-EcommercePage/client/src/Main/WidgetMonica/main.jsx": {"path":"/Users/liuqian/Desktop/CS learning_Hack Reactor /2209 HR immersive course/FrontEndCapstone-EcommercePage/client/src/Main/WidgetMonica/main.jsx","statementMap":{"0":{"start":{"line":12,"column":19},"end":{"line":72,"column":1}},"1":{"start":{"line":13,"column":36},"end":{"line":13,"column":48}},"2":{"start":{"line":14,"column":46},"end":{"line":14,"column":57}},"3":{"start":{"line":16,"column":28},"end":{"line":16,"column":40}},"4":{"start":{"line":18,"column":2},"end":{"line":28,"column":18}},"5":{"start":{"line":19,"column":4},"end":{"line":27,"column":6}},"6":{"start":{"line":22,"column":6},"end":{"line":22,"column":70}},"7":{"start":{"line":23,"column":6},"end":{"line":23,"column":42}},"8":{"start":{"line":26,"column":6},"end":{"line":26,"column":23}},"9":{"start":{"line":30,"column":23},"end":{"line":36,"column":3}},"10":{"start":{"line":31,"column":14},"end":{"line":31,"column":16}},"11":{"start":{"line":32,"column":4},"end":{"line":34,"column":5}},"12":{"start":{"line":32,"column":17},"end":{"line":32,"column":18}},"13":{"start":{"line":33,"column":6},"end":{"line":33,"column":23}},"14":{"start":{"line":35,"column":4},"end":{"line":35,"column":15}},"15":{"start":{"line":38,"column":24},"end":{"line":52,"column":3}},"16":{"start":{"line":40,"column":4},"end":{"line":42,"column":5}},"17":{"start":{"line":41,"column":6},"end":{"line":41,"column":23}},"18":{"start":{"line":43,"column":14},"end":{"line":43,"column":16}},"19":{"start":{"line":44,"column":4},"end":{"line":49,"column":5}},"20":{"start":{"line":44,"column":17},"end":{"line":44,"column":18}},"21":{"start":{"line":45,"column":28},"end":{"line":45,"column":49}},"22":{"start":{"line":46,"column":6},"end":{"line":48,"column":7}},"23":{"start":{"line":47,"column":8},"end":{"line":47,"column":31}},"24":{"start":{"line":50,"column":4},"end":{"line":50,"column":40}},"25":{"start":{"line":51,"column":4},"end":{"line":51,"column":15}},"26":{"start":{"line":54,"column":2},"end":{"line":71,"column":15}},"27":{"start":{"line":74,"column":18},"end":{"line":79,"column":1}},"28":{"start":{"line":80,"column":32},"end":{"line":84,"column":1}},"29":{"start":{"line":86,"column":30},"end":{"line":90,"column":1}},"30":{"start":{"line":91,"column":19},"end":{"line":96,"column":1}}},"fnMap":{"0":{"name":"(anonymous_0)","decl":{"start":{"line":12,"column":19},"end":{"line":12,"column":20}},"loc":{"start":{"line":12,"column":39},"end":{"line":72,"column":1}},"line":12},"1":{"name":"(anonymous_1)","decl":{"start":{"line":18,"column":12},"end":{"line":18,"column":13}},"loc":{"start":{"line":18,"column":18},"end":{"line":28,"column":3}},"line":18},"2":{"name":"(anonymous_2)","decl":{"start":{"line":21,"column":10},"end":{"line":21,"column":11}},"loc":{"start":{"line":21,"column":24},"end":{"line":24,"column":5}},"line":21},"3":{"name":"(anonymous_3)","decl":{"start":{"line":25,"column":11},"end":{"line":25,"column":12}},"loc":{"start":{"line":25,"column":20},"end":{"line":27,"column":5}},"line":25},"4":{"name":"(anonymous_4)","decl":{"start":{"line":30,"column":23},"end":{"line":30,"column":24}},"loc":{"start":{"line":30,"column":46},"end":{"line":36,"column":3}},"line":30},"5":{"name":"(anonymous_5)","decl":{"start":{"line":38,"column":24},"end":{"line":38,"column":25}},"loc":{"start":{"line":38,"column":54},"end":{"line":52,"column":3}},"line":38}},"branchMap":{"0":{"loc":{"start":{"line":40,"column":4},"end":{"line":42,"column":5}},"type":"if","locations":[{"start":{"line":40,"column":4},"end":{"line":42,"column":5}},{"start":{},"end":{}}],"line":40},"1":{"loc":{"start":{"line":46,"column":6},"end":{"line":48,"column":7}},"type":"if","locations":[{"start":{"line":46,"column":6},"end":{"line":48,"column":7}},{"start":{},"end":{}}],"line":46}},"s":{"0":1,"1":2,"2":2,"3":2,"4":2,"5":1,"6":1,"7":1,"8":0,"9":2,"10":2,"11":2,"12":2,"13":2,"14":2,"15":2,"16":4,"17":4,"18":0,"19":0,"20":0,"21":0,"22":0,"23":0,"24":0,"25":0,"26":2,"27":1,"28":1,"29":1,"30":1},"f":{"0":2,"1":1,"2":1,"3":0,"4":2,"5":4},"b":{"0":[4,0],"1":[0,0]},"_coverageSchema":"1a1c01bbd47fc00a2c39e90264f33305004495a9","hash":"6ab62fef7b8ac8d734c3cdc901a5427fb2f883b5"}
,"/Users/liuqian/Desktop/CS learning_Hack Reactor /2209 HR immersive course/FrontEndCapstone-EcommercePage/client/src/Main/WidgetMonica/components/BottomSide/AddQuestion.jsx": {"path":"/Users/liuqian/Desktop/CS learning_Hack Reactor /2209 HR immersive course/FrontEndCapstone-EcommercePage/client/src/Main/WidgetMonica/components/BottomSide/AddQuestion.jsx","statementMap":{"0":{"start":{"line":7,"column":20},"end":{"line":35,"column":1}},"1":{"start":{"line":8,"column":29},"end":{"line":8,"column":44}},"2":{"start":{"line":9,"column":40},"end":{"line":9,"column":52}},"3":{"start":{"line":11,"column":2},"end":{"line":20,"column":7}},"4":{"start":{"line":12,"column":4},"end":{"line":19,"column":6}},"5":{"start":{"line":15,"column":6},"end":{"line":15,"column":40}},"6":{"start":{"line":18,"column":6},"end":{"line":18,"column":23}},"7":{"start":{"line":22,"column":2},"end":{"line":34,"column":3}},"8":{"start":{"line":24,"column":40},"end":{"line":24,"column":59}},"9":{"start":{"line":24,"column":59},"end":{"line":24,"column":74}},"10":{"start":{"line":29,"column":23},"end":{"line":29,"column":39}},"11":{"start":{"line":36,"column":22},"end":{"line":43,"column":1}}},"fnMap":{"0":{"name":"(anonymous_0)","decl":{"start":{"line":7,"column":20},"end":{"line":7,"column":21}},"loc":{"start":{"line":7,"column":31},"end":{"line":35,"column":1}},"line":7},"1":{"name":"(anonymous_1)","decl":{"start":{"line":11,"column":12},"end":{"line":11,"column":13}},"loc":{"start":{"line":11,"column":18},"end":{"line":20,"column":3}},"line":11},"2":{"name":"(anonymous_2)","decl":{"start":{"line":14,"column":10},"end":{"line":14,"column":11}},"loc":{"start":{"line":14,"column":24},"end":{"line":16,"column":5}},"line":14},"3":{"name":"(anonymous_3)","decl":{"start":{"line":17,"column":11},"end":{"line":17,"column":12}},"loc":{"start":{"line":17,"column":20},"end":{"line":19,"column":5}},"line":17},"4":{"name":"(anonymous_4)","decl":{"start":{"line":24,"column":32},"end":{"line":24,"column":33}},"loc":{"start":{"line":24,"column":39},"end":{"line":24,"column":75}},"line":24},"5":{"name":"(anonymous_5)","decl":{"start":{"line":29,"column":17},"end":{"line":29,"column":18}},"loc":{"start":{"line":29,"column":23},"end":{"line":29,"column":39}},"line":29}},"branchMap":{},"s":{"0":1,"1":2,"2":2,"3":2,"4":1,"5":0,"6":1,"7":2,"8":0,"9":0,"10":0,"11":1},"f":{"0":2,"1":1,"2":0,"3":1,"4":0,"5":0},"b":{},"_coverageSchema":"1a1c01bbd47fc00a2c39e90264f33305004495a9","hash":"f648cf02bb03d5e6718b50aac59f7836f75ecb28"}
,"/Users/liuqian/Desktop/CS learning_Hack Reactor /2209 HR immersive course/FrontEndCapstone-EcommercePage/client/src/Main/WidgetMonica/components/BottomSide/ModalQuestion.jsx": {"path":"/Users/liuqian/Desktop/CS learning_Hack Reactor /2209 HR immersive course/FrontEndCapstone-EcommercePage/client/src/Main/WidgetMonica/components/BottomSide/ModalQuestion.jsx","statementMap":{"0":{"start":{"line":7,"column":20},"end":{"line":15,"column":1}},"1":{"start":{"line":17,"column":23},"end":{"line":25,"column":1}},"2":{"start":{"line":28,"column":2},"end":{"line":30,"column":3}},"3":{"start":{"line":29,"column":4},"end":{"line":29,"column":16}},"4":{"start":{"line":31,"column":26},"end":{"line":31,"column":38}},"5":{"start":{"line":32,"column":26},"end":{"line":32,"column":38}},"6":{"start":{"line":33,"column":28},"end":{"line":33,"column":40}},"7":{"start":{"line":35,"column":21},"end":{"line":56,"column":3}},"8":{"start":{"line":37,"column":4},"end":{"line":37,"column":26}},"9":{"start":{"line":38,"column":15},"end":{"line":43,"column":5}},"10":{"start":{"line":45,"column":4},"end":{"line":55,"column":7}},"11":{"start":{"line":47,"column":6},"end":{"line":47,"column":64}},"12":{"start":{"line":48,"column":6},"end":{"line":48,"column":18}},"13":{"start":{"line":49,"column":6},"end":{"line":49,"column":18}},"14":{"start":{"line":50,"column":6},"end":{"line":50,"column":19}},"15":{"start":{"line":51,"column":6},"end":{"line":51,"column":22}},"16":{"start":{"line":54,"column":6},"end":{"line":54,"column":25}},"17":{"start":{"line":57,"column":2},"end":{"line":87,"column":3}},"18":{"start":{"line":68,"column":91},"end":{"line":68,"column":114}},"19":{"start":{"line":72,"column":113},"end":{"line":72,"column":136}},"20":{"start":{"line":77,"column":131},"end":{"line":77,"column":155}}},"fnMap":{"0":{"name":"Modal","decl":{"start":{"line":27,"column":9},"end":{"line":27,"column":14}},"loc":{"start":{"line":27,"column":22},"end":{"line":88,"column":1}},"line":27},"1":{"name":"(anonymous_1)","decl":{"start":{"line":35,"column":21},"end":{"line":35,"column":22}},"loc":{"start":{"line":35,"column":32},"end":{"line":56,"column":3}},"line":35},"2":{"name":"(anonymous_2)","decl":{"start":{"line":46,"column":10},"end":{"line":46,"column":11}},"loc":{"start":{"line":46,"column":30},"end":{"line":52,"column":5}},"line":46},"3":{"name":"(anonymous_3)","decl":{"start":{"line":53,"column":11},"end":{"line":53,"column":12}},"loc":{"start":{"line":53,"column":28},"end":{"line":55,"column":5}},"line":53},"4":{"name":"(anonymous_4)","decl":{"start":{"line":68,"column":83},"end":{"line":68,"column":84}},"loc":{"start":{"line":68,"column":90},"end":{"line":68,"column":115}},"line":68},"5":{"name":"(anonymous_5)","decl":{"start":{"line":72,"column":105},"end":{"line":72,"column":106}},"loc":{"start":{"line":72,"column":112},"end":{"line":72,"column":137}},"line":72},"6":{"name":"(anonymous_6)","decl":{"start":{"line":77,"column":123},"end":{"line":77,"column":124}},"loc":{"start":{"line":77,"column":130},"end":{"line":77,"column":156}},"line":77}},"branchMap":{"0":{"loc":{"start":{"line":28,"column":2},"end":{"line":30,"column":3}},"type":"if","locations":[{"start":{"line":28,"column":2},"end":{"line":30,"column":3}},{"start":{},"end":{}}],"line":28}},"s":{"0":1,"1":1,"2":2,"3":2,"4":0,"5":0,"6":0,"7":0,"8":0,"9":0,"10":0,"11":0,"12":0,"13":0,"14":0,"15":0,"16":0,"17":0,"18":0,"19":0,"20":0},"f":{"0":2,"1":0,"2":0,"3":0,"4":0,"5":0,"6":0},"b":{"0":[2,0]},"_coverageSchema":"1a1c01bbd47fc00a2c39e90264f33305004495a9","hash":"a79065757a69d9ebd692f0d7f3560f87e4dec0b2"}
,"/Users/liuqian/Desktop/CS learning_Hack Reactor /2209 HR immersive course/FrontEndCapstone-EcommercePage/client/src/Main/WidgetMonica/components/BottomSide/MoreAnsweredQuestions.jsx": {"path":"/Users/liuqian/Desktop/CS learning_Hack Reactor /2209 HR immersive course/FrontEndCapstone-EcommercePage/client/src/Main/WidgetMonica/components/BottomSide/MoreAnsweredQuestions.jsx","statementMap":{"0":{"start":{"line":5,"column":30},"end":{"line":20,"column":1}},"1":{"start":{"line":6,"column":2},"end":{"line":6,"column":58}},"2":{"start":{"line":7,"column":2},"end":{"line":9,"column":3}},"3":{"start":{"line":8,"column":4},"end":{"line":8,"column":16}},"4":{"start":{"line":11,"column":23},"end":{"line":14,"column":3}},"5":{"start":{"line":12,"column":18},"end":{"line":12,"column":38}},"6":{"start":{"line":13,"column":4},"end":{"line":13,"column":38}},"7":{"start":{"line":17,"column":2},"end":{"line":19,"column":3}},"8":{"start":{"line":21,"column":27},"end":{"line":29,"column":1}}},"fnMap":{"0":{"name":"(anonymous_0)","decl":{"start":{"line":5,"column":30},"end":{"line":5,"column":31}},"loc":{"start":{"line":5,"column":41},"end":{"line":20,"column":1}},"line":5},"1":{"name":"(anonymous_1)","decl":{"start":{"line":11,"column":23},"end":{"line":11,"column":24}},"loc":{"start":{"line":11,"column":35},"end":{"line":14,"column":3}},"line":11}},"branchMap":{"0":{"loc":{"start":{"line":7,"column":2},"end":{"line":9,"column":3}},"type":"if","locations":[{"start":{"line":7,"column":2},"end":{"line":9,"column":3}},{"start":{},"end":{}}],"line":7},"1":{"loc":{"start":{"line":7,"column":5},"end":{"line":7,"column":95}},"type":"binary-expr","locations":[{"start":{"line":7,"column":5},"end":{"line":7,"column":32}},{"start":{"line":7,"column":36},"end":{"line":7,"column":95}}],"line":7}},"s":{"0":1,"1":2,"2":2,"3":2,"4":0,"5":0,"6":0,"7":0,"8":1},"f":{"0":2,"1":0},"b":{"0":[2,0],"1":[2,0]},"_coverageSchema":"1a1c01bbd47fc00a2c39e90264f33305004495a9","hash":"678ff55da5965e11828646d159193e2e6fca343c"}
,"/Users/liuqian/Desktop/CS learning_Hack Reactor /2209 HR immersive course/FrontEndCapstone-EcommercePage/client/src/Main/WidgetMonica/components/FrontSide/SearchBar.jsx": {"path":"/Users/liuqian/Desktop/CS learning_Hack Reactor /2209 HR immersive course/FrontEndCapstone-EcommercePage/client/src/Main/WidgetMonica/components/FrontSide/SearchBar.jsx","statementMap":{"0":{"start":{"line":7,"column":20},"end":{"line":10,"column":1}},"1":{"start":{"line":12,"column":18},"end":{"line":28,"column":1}},"2":{"start":{"line":14,"column":18},"end":{"line":21,"column":1}},"3":{"start":{"line":15,"column":2},"end":{"line":15,"column":33}},"4":{"start":{"line":17,"column":2},"end":{"line":19,"column":3}},"5":{"start":{"line":18,"column":4},"end":{"line":18,"column":30}},"6":{"start":{"line":22,"column":2},"end":{"line":26,"column":3}}},"fnMap":{"0":{"name":"(anonymous_0)","decl":{"start":{"line":12,"column":18},"end":{"line":12,"column":19}},"loc":{"start":{"line":12,"column":29},"end":{"line":28,"column":1}},"line":12},"1":{"name":"(anonymous_1)","decl":{"start":{"line":14,"column":18},"end":{"line":14,"column":19}},"loc":{"start":{"line":14,"column":31},"end":{"line":21,"column":1}},"line":14}},"branchMap":{"0":{"loc":{"start":{"line":17,"column":2},"end":{"line":19,"column":3}},"type":"if","locations":[{"start":{"line":17,"column":2},"end":{"line":19,"column":3}},{"start":{},"end":{}}],"line":17}},"s":{"0":1,"1":1,"2":2,"3":0,"4":0,"5":0,"6":2},"f":{"0":2,"1":0},"b":{"0":[0,0]},"_coverageSchema":"1a1c01bbd47fc00a2c39e90264f33305004495a9","hash":"a80fc2a60aa95275ebe87f9ffb7ec355f249c3c9"}
,"/Users/liuqian/Desktop/CS learning_Hack Reactor /2209 HR immersive course/FrontEndCapstone-EcommercePage/client/src/Main/WidgetMonica/components/MiddleSide/AddAnswer.jsx": {"path":"/Users/liuqian/Desktop/CS learning_Hack Reactor /2209 HR immersive course/FrontEndCapstone-EcommercePage/client/src/Main/WidgetMonica/components/MiddleSide/AddAnswer.jsx","statementMap":{"0":{"start":{"line":7,"column":18},"end":{"line":39,"column":1}},"1":{"start":{"line":8,"column":29},"end":{"line":8,"column":44}},"2":{"start":{"line":9,"column":40},"end":{"line":9,"column":52}},"3":{"start":{"line":10,"column":2},"end":{"line":20,"column":7}},"4":{"start":{"line":11,"column":4},"end":{"line":19,"column":6}},"5":{"start":{"line":15,"column":6},"end":{"line":15,"column":40}},"6":{"start":{"line":18,"column":6},"end":{"line":18,"column":23}},"7":{"start":{"line":22,"column":2},"end":{"line":37,"column":3}},"8":{"start":{"line":24,"column":46},"end":{"line":24,"column":65}},"9":{"start":{"line":24,"column":65},"end":{"line":24,"column":80}},"10":{"start":{"line":34,"column":23},"end":{"line":34,"column":39}},"11":{"start":{"line":41,"column":22},"end":{"line":46,"column":1}}},"fnMap":{"0":{"name":"(anonymous_0)","decl":{"start":{"line":7,"column":18},"end":{"line":7,"column":19}},"loc":{"start":{"line":7,"column":29},"end":{"line":39,"column":1}},"line":7},"1":{"name":"(anonymous_1)","decl":{"start":{"line":10,"column":12},"end":{"line":10,"column":13}},"loc":{"start":{"line":10,"column":18},"end":{"line":20,"column":3}},"line":10},"2":{"name":"(anonymous_2)","decl":{"start":{"line":13,"column":10},"end":{"line":13,"column":11}},"loc":{"start":{"line":13,"column":24},"end":{"line":16,"column":5}},"line":13},"3":{"name":"(anonymous_3)","decl":{"start":{"line":17,"column":11},"end":{"line":17,"column":12}},"loc":{"start":{"line":17,"column":20},"end":{"line":19,"column":5}},"line":17},"4":{"name":"(anonymous_4)","decl":{"start":{"line":24,"column":38},"end":{"line":24,"column":39}},"loc":{"start":{"line":24,"column":45},"end":{"line":24,"column":81}},"line":24},"5":{"name":"(anonymous_5)","decl":{"start":{"line":34,"column":17},"end":{"line":34,"column":18}},"loc":{"start":{"line":34,"column":23},"end":{"line":34,"column":39}},"line":34}},"branchMap":{},"s":{"0":1,"1":4,"2":4,"3":4,"4":2,"5":0,"6":2,"7":4,"8":0,"9":0,"10":0,"11":1},"f":{"0":4,"1":2,"2":0,"3":2,"4":0,"5":0},"b":{},"_coverageSchema":"1a1c01bbd47fc00a2c39e90264f33305004495a9","hash":"151f52f4be83646b50eed034fe2c792365626b47"}
,"/Users/liuqian/Desktop/CS learning_Hack Reactor /2209 HR immersive course/FrontEndCapstone-EcommercePage/client/src/Main/WidgetMonica/components/MiddleSide/Answers.jsx": {"path":"/Users/liuqian/Desktop/CS learning_Hack Reactor /2209 HR immersive course/FrontEndCapstone-EcommercePage/client/src/Main/WidgetMonica/components/MiddleSide/Answers.jsx","statementMap":{"0":{"start":{"line":6,"column":14},"end":{"line":117,"column":1}},"1":{"start":{"line":8,"column":40},"end":{"line":8,"column":51}},"2":{"start":{"line":12,"column":15},"end":{"line":18,"column":3}},"3":{"start":{"line":13,"column":14},"end":{"line":13,"column":16}},"4":{"start":{"line":14,"column":4},"end":{"line":16,"column":5}},"5":{"start":{"line":14,"column":17},"end":{"line":14,"column":18}},"6":{"start":{"line":15,"column":6},"end":{"line":15,"column":23}},"7":{"start":{"line":17,"column":4},"end":{"line":17,"column":15}},"8":{"start":{"line":20,"column":23},"end":{"line":28,"column":3}},"9":{"start":{"line":22,"column":4},"end":{"line":22,"column":26}},"10":{"start":{"line":23,"column":18},"end":{"line":23,"column":30}},"11":{"start":{"line":24,"column":4},"end":{"line":24,"column":30}},"12":{"start":{"line":25,"column":4},"end":{"line":27,"column":5}},"13":{"start":{"line":26,"column":6},"end":{"line":26,"column":24}},"14":{"start":{"line":30,"column":22},"end":{"line":47,"column":3}},"15":{"start":{"line":31,"column":4},"end":{"line":31,"column":22}},"16":{"start":{"line":32,"column":4},"end":{"line":34,"column":5}},"17":{"start":{"line":33,"column":6},"end":{"line":33,"column":13}},"18":{"start":{"line":36,"column":18},"end":{"line":36,"column":69}},"19":{"start":{"line":37,"column":4},"end":{"line":37,"column":34}},"20":{"start":{"line":38,"column":4},"end":{"line":38,"column":41}},"21":{"start":{"line":39,"column":4},"end":{"line":44,"column":6}},"22":{"start":{"line":41,"column":6},"end":{"line":41,"column":50}},"23":{"start":{"line":43,"column":6},"end":{"line":43,"column":74}},"24":{"start":{"line":46,"column":4},"end":{"line":46,"column":28}},"25":{"start":{"line":49,"column":21},"end":{"line":62,"column":3}},"26":{"start":{"line":51,"column":4},"end":{"line":51,"column":22}},"27":{"start":{"line":52,"column":4},"end":{"line":60,"column":6}},"28":{"start":{"line":55,"column":20},"end":{"line":55,"column":62}},"29":{"start":{"line":56,"column":6},"end":{"line":56,"column":26}},"30":{"start":{"line":57,"column":6},"end":{"line":57,"column":34}},"31":{"start":{"line":59,"column":6},"end":{"line":59,"column":61}},"32":{"start":{"line":64,"column":4},"end":{"line":113,"column":5}},"33":{"start":{"line":68,"column":8},"end":{"line":108,"column":9}},"34":{"start":{"line":86,"column":49},"end":{"line":86,"column":81}},"35":{"start":{"line":89,"column":111},"end":{"line":89,"column":142}},"36":{"start":{"line":98,"column":20},"end":{"line":98,"column":60}},"37":{"start":{"line":118,"column":22},"end":{"line":121,"column":1}},"38":{"start":{"line":123,"column":18},"end":{"line":127,"column":1}},"39":{"start":{"line":128,"column":16},"end":{"line":134,"column":1}},"40":{"start":{"line":137,"column":22},"end":{"line":139,"column":1}},"41":{"start":{"line":141,"column":24},"end":{"line":145,"column":1}},"42":{"start":{"line":146,"column":19},"end":{"line":154,"column":1}},"43":{"start":{"line":155,"column":23},"end":{"line":163,"column":1}},"44":{"start":{"line":164,"column":19},"end":{"line":169,"column":1}},"45":{"start":{"line":170,"column":23},"end":{"line":181,"column":1}},"46":{"start":{"line":182,"column":13},"end":{"line":188,"column":1}},"47":{"start":{"line":189,"column":21},"end":{"line":195,"column":1}}},"fnMap":{"0":{"name":"(anonymous_0)","decl":{"start":{"line":6,"column":14},"end":{"line":6,"column":15}},"loc":{"start":{"line":6,"column":31},"end":{"line":117,"column":1}},"line":6},"1":{"name":"(anonymous_1)","decl":{"start":{"line":12,"column":15},"end":{"line":12,"column":16}},"loc":{"start":{"line":12,"column":38},"end":{"line":18,"column":3}},"line":12},"2":{"name":"(anonymous_2)","decl":{"start":{"line":20,"column":23},"end":{"line":20,"column":24}},"loc":{"start":{"line":20,"column":35},"end":{"line":28,"column":3}},"line":20},"3":{"name":"(anonymous_3)","decl":{"start":{"line":30,"column":22},"end":{"line":30,"column":23}},"loc":{"start":{"line":30,"column":39},"end":{"line":47,"column":3}},"line":30},"4":{"name":"(anonymous_4)","decl":{"start":{"line":40,"column":11},"end":{"line":40,"column":12}},"loc":{"start":{"line":40,"column":25},"end":{"line":42,"column":5}},"line":40},"5":{"name":"(anonymous_5)","decl":{"start":{"line":42,"column":13},"end":{"line":42,"column":14}},"loc":{"start":{"line":42,"column":22},"end":{"line":44,"column":5}},"line":42},"6":{"name":"(anonymous_6)","decl":{"start":{"line":49,"column":21},"end":{"line":49,"column":22}},"loc":{"start":{"line":49,"column":38},"end":{"line":62,"column":3}},"line":49},"7":{"name":"(anonymous_7)","decl":{"start":{"line":53,"column":11},"end":{"line":53,"column":12}},"loc":{"start":{"line":53,"column":25},"end":{"line":58,"column":5}},"line":53},"8":{"name":"(anonymous_8)","decl":{"start":{"line":58,"column":13},"end":{"line":58,"column":14}},"loc":{"start":{"line":58,"column":22},"end":{"line":60,"column":5}},"line":58},"9":{"name":"(anonymous_9)","decl":{"start":{"line":67,"column":52},"end":{"line":67,"column":53}},"loc":{"start":{"line":67,"column":69},"end":{"line":109,"column":7}},"line":67},"10":{"name":"(anonymous_10)","decl":{"start":{"line":86,"column":41},"end":{"line":86,"column":42}},"loc":{"start":{"line":86,"column":48},"end":{"line":86,"column":82}},"line":86},"11":{"name":"(anonymous_11)","decl":{"start":{"line":89,"column":103},"end":{"line":89,"column":104}},"loc":{"start":{"line":89,"column":110},"end":{"line":89,"column":143}},"line":89},"12":{"name":"(anonymous_12)","decl":{"start":{"line":97,"column":49},"end":{"line":97,"column":50}},"loc":{"start":{"line":98,"column":20},"end":{"line":98,"column":60}},"line":98}},"branchMap":{"0":{"loc":{"start":{"line":25,"column":4},"end":{"line":27,"column":5}},"type":"if","locations":[{"start":{"line":25,"column":4},"end":{"line":27,"column":5}},{"start":{},"end":{}}],"line":25},"1":{"loc":{"start":{"line":32,"column":4},"end":{"line":34,"column":5}},"type":"if","locations":[{"start":{"line":32,"column":4},"end":{"line":34,"column":5}},{"start":{},"end":{}}],"line":32},"2":{"loc":{"start":{"line":83,"column":27},"end":{"line":83,"column":123}},"type":"cond-expr","locations":[{"start":{"line":83,"column":75},"end":{"line":83,"column":102}},{"start":{"line":83,"column":105},"end":{"line":83,"column":123}}],"line":83},"3":{"loc":{"start":{"line":89,"column":19},"end":{"line":89,"column":166}},"type":"binary-expr","locations":[{"start":{"line":89,"column":19},"end":{"line":89,"column":33}},{"start":{"line":89,"column":37},"end":{"line":89,"column":68}},{"start":{"line":89,"column":72},"end":{"line":89,"column":166}}],"line":89},"4":{"loc":{"start":{"line":90,"column":19},"end":{"line":90,"column":91}},"type":"binary-expr","locations":[{"start":{"line":90,"column":19},"end":{"line":90,"column":33}},{"start":{"line":90,"column":37},"end":{"line":90,"column":67}},{"start":{"line":90,"column":72},"end":{"line":90,"column":91}}],"line":90},"5":{"loc":{"start":{"line":97,"column":18},"end":{"line":99,"column":20}},"type":"binary-expr","locations":[{"start":{"line":97,"column":18},"end":{"line":97,"column":29}},{"start":{"line":97,"column":31},"end":{"line":99,"column":20}}],"line":97},"6":{"loc":{"start":{"line":110,"column":58},"end":{"line":110,"column":142}},"type":"cond-expr","locations":[{"start":{"line":110,"column":103},"end":{"line":110,"column":121}},{"start":{"line":110,"column":124},"end":{"line":110,"column":142}}],"line":110}},"s":{"0":1,"1":5,"2":4,"3":4,"4":4,"5":4,"6":2,"7":4,"8":4,"9":0,"10":0,"11":0,"12":0,"13":0,"14":4,"15":0,"16":0,"17":0,"18":0,"19":0,"20":0,"21":0,"22":0,"23":0,"24":0,"25":4,"26":0,"27":0,"28":0,"29":0,"30":0,"31":0,"32":4,"33":2,"34":0,"35":0,"36":4,"37":1,"38":1,"39":1,"40":1,"41":1,"42":1,"43":1,"44":1,"45":1,"46":1,"47":1},"f":{"0":5,"1":4,"2":0,"3":0,"4":0,"5":0,"6":0,"7":0,"8":0,"9":2,"10":0,"11":0,"12":4},"b":{"0":[0,0],"1":[0,0],"2":[0,2],"3":[2,2,2],"4":[2,2,0],"5":[2,2],"6":[3,1]},"_coverageSchema":"1a1c01bbd47fc00a2c39e90264f33305004495a9","hash":"5f84e9f52729eb7cd3d2a78cea5a9fb4fe35f7c6"}
,"/Users/liuqian/Desktop/CS learning_Hack Reactor /2209 HR immersive course/FrontEndCapstone-EcommercePage/client/src/Main/WidgetMonica/components/MiddleSide/IndividualQuestion.jsx": {"path":"/Users/liuqian/Desktop/CS learning_Hack Reactor /2209 HR immersive course/FrontEndCapstone-EcommercePage/client/src/Main/WidgetMonica/components/MiddleSide/IndividualQuestion.jsx","statementMap":{"0":{"start":{"line":8,"column":27},"end":{"line":123,"column":1}},"1":{"start":{"line":9,"column":2},"end":{"line":11,"column":3}},"2":{"start":{"line":10,"column":4},"end":{"line":10,"column":16}},"3":{"start":{"line":13,"column":56},"end":{"line":13,"column":101}},"4":{"start":{"line":15,"column":52},"end":{"line":15,"column":62}},"5":{"start":{"line":16,"column":34},"end":{"line":16,"column":44}},"6":{"start":{"line":17,"column":44},"end":{"line":17,"column":56}},"7":{"start":{"line":19,"column":22},"end":{"line":40,"column":3}},"8":{"start":{"line":20,"column":14},"end":{"line":20,"column":35}},"9":{"start":{"line":21,"column":20},"end":{"line":21,"column":22}},"10":{"start":{"line":22,"column":20},"end":{"line":22,"column":22}},"11":{"start":{"line":23,"column":4},"end":{"line":29,"column":5}},"12":{"start":{"line":23,"column":17},"end":{"line":23,"column":18}},"13":{"start":{"line":24,"column":6},"end":{"line":28,"column":7}},"14":{"start":{"line":25,"column":8},"end":{"line":25,"column":30}},"15":{"start":{"line":27,"column":8},"end":{"line":27,"column":30}},"16":{"start":{"line":30,"column":21},"end":{"line":35,"column":5}},"17":{"start":{"line":31,"column":6},"end":{"line":33,"column":9}},"18":{"start":{"line":32,"column":8},"end":{"line":32,"column":90}},"19":{"start":{"line":34,"column":6},"end":{"line":34,"column":17}},"20":{"start":{"line":36,"column":23},"end":{"line":36,"column":44}},"21":{"start":{"line":37,"column":23},"end":{"line":37,"column":44}},"22":{"start":{"line":38,"column":19},"end":{"line":38,"column":52}},"23":{"start":{"line":39,"column":4},"end":{"line":39,"column":20}},"24":{"start":{"line":42,"column":2},"end":{"line":66,"column":8}},"25":{"start":{"line":43,"column":20},"end":{"line":49,"column":5}},"26":{"start":{"line":50,"column":4},"end":{"line":65,"column":8}},"27":{"start":{"line":52,"column":28},"end":{"line":52,"column":64}},"28":{"start":{"line":53,"column":22},"end":{"line":53,"column":24}},"29":{"start":{"line":54,"column":26},"end":{"line":54,"column":28}},"30":{"start":{"line":55,"column":8},"end":{"line":58,"column":10}},"31":{"start":{"line":56,"column":10},"end":{"line":56,"column":52}},"32":{"start":{"line":57,"column":10},"end":{"line":57,"column":46}},"33":{"start":{"line":59,"column":8},"end":{"line":59,"column":38}},"34":{"start":{"line":60,"column":8},"end":{"line":60,"column":40}},"35":{"start":{"line":61,"column":8},"end":{"line":61,"column":33}},"36":{"start":{"line":64,"column":8},"end":{"line":64,"column":25}},"37":{"start":{"line":68,"column":22},"end":{"line":82,"column":3}},"38":{"start":{"line":69,"column":4},"end":{"line":69,"column":23}},"39":{"start":{"line":70,"column":4},"end":{"line":72,"column":5}},"40":{"start":{"line":71,"column":6},"end":{"line":71,"column":13}},"41":{"start":{"line":73,"column":23},"end":{"line":73,"column":61}},"42":{"start":{"line":74,"column":4},"end":{"line":74,"column":41}},"43":{"start":{"line":75,"column":4},"end":{"line":80,"column":6}},"44":{"start":{"line":79,"column":6},"end":{"line":79,"column":76}},"45":{"start":{"line":81,"column":4},"end":{"line":81,"column":28}},"46":{"start":{"line":84,"column":2},"end":{"line":121,"column":3}},"47":{"start":{"line":93,"column":41},"end":{"line":93,"column":85}},"48":{"start":{"line":125,"column":21},"end":{"line":132,"column":1}},"49":{"start":{"line":133,"column":24},"end":{"line":141,"column":1}},"50":{"start":{"line":143,"column":26},"end":{"line":147,"column":1}},"51":{"start":{"line":148,"column":24},"end":{"line":152,"column":1}},"52":{"start":{"line":153,"column":13},"end":{"line":159,"column":1}}},"fnMap":{"0":{"name":"(anonymous_0)","decl":{"start":{"line":8,"column":27},"end":{"line":8,"column":28}},"loc":{"start":{"line":8,"column":38},"end":{"line":123,"column":1}},"line":8},"1":{"name":"(anonymous_1)","decl":{"start":{"line":19,"column":22},"end":{"line":19,"column":23}},"loc":{"start":{"line":19,"column":47},"end":{"line":40,"column":3}},"line":19},"2":{"name":"(anonymous_2)","decl":{"start":{"line":30,"column":21},"end":{"line":30,"column":22}},"loc":{"start":{"line":30,"column":36},"end":{"line":35,"column":5}},"line":30},"3":{"name":"(anonymous_3)","decl":{"start":{"line":31,"column":15},"end":{"line":31,"column":16}},"loc":{"start":{"line":31,"column":28},"end":{"line":33,"column":7}},"line":31},"4":{"name":"(anonymous_4)","decl":{"start":{"line":42,"column":12},"end":{"line":42,"column":13}},"loc":{"start":{"line":42,"column":18},"end":{"line":66,"column":4}},"line":42},"5":{"name":"(anonymous_5)","decl":{"start":{"line":51,"column":12},"end":{"line":51,"column":13}},"loc":{"start":{"line":51,"column":26},"end":{"line":62,"column":7}},"line":51},"6":{"name":"(anonymous_6)","decl":{"start":{"line":55,"column":30},"end":{"line":55,"column":31}},"loc":{"start":{"line":55,"column":40},"end":{"line":58,"column":9}},"line":55},"7":{"name":"(anonymous_7)","decl":{"start":{"line":63,"column":13},"end":{"line":63,"column":14}},"loc":{"start":{"line":63,"column":22},"end":{"line":65,"column":7}},"line":63},"8":{"name":"(anonymous_8)","decl":{"start":{"line":68,"column":22},"end":{"line":68,"column":23}},"loc":{"start":{"line":68,"column":39},"end":{"line":82,"column":3}},"line":68},"9":{"name":"(anonymous_9)","decl":{"start":{"line":76,"column":11},"end":{"line":76,"column":12}},"loc":{"start":{"line":76,"column":25},"end":{"line":78,"column":5}},"line":76},"10":{"name":"(anonymous_10)","decl":{"start":{"line":78,"column":13},"end":{"line":78,"column":14}},"loc":{"start":{"line":78,"column":22},"end":{"line":80,"column":5}},"line":78},"11":{"name":"(anonymous_11)","decl":{"start":{"line":93,"column":33},"end":{"line":93,"column":34}},"loc":{"start":{"line":93,"column":40},"end":{"line":93,"column":86}},"line":93}},"branchMap":{"0":{"loc":{"start":{"line":9,"column":2},"end":{"line":11,"column":3}},"type":"if","locations":[{"start":{"line":9,"column":2},"end":{"line":11,"column":3}},{"start":{},"end":{}}],"line":9},"1":{"loc":{"start":{"line":24,"column":6},"end":{"line":28,"column":7}},"type":"if","locations":[{"start":{"line":24,"column":6},"end":{"line":28,"column":7}},{"start":{"line":26,"column":13},"end":{"line":28,"column":7}}],"line":24},"2":{"loc":{"start":{"line":24,"column":9},"end":{"line":24,"column":116}},"type":"binary-expr","locations":[{"start":{"line":24,"column":9},"end":{"line":24,"column":42}},{"start":{"line":24,"column":46},"end":{"line":24,"column":79}},{"start":{"line":24,"column":83},"end":{"line":24,"column":116}}],"line":24},"3":{"loc":{"start":{"line":32,"column":15},"end":{"line":32,"column":89}},"type":"cond-expr","locations":[{"start":{"line":32,"column":47},"end":{"line":32,"column":49}},{"start":{"line":32,"column":52},"end":{"line":32,"column":89}}],"line":32},"4":{"loc":{"start":{"line":32,"column":52},"end":{"line":32,"column":89}},"type":"cond-expr","locations":[{"start":{"line":32,"column":84},"end":{"line":32,"column":85}},{"start":{"line":32,"column":88},"end":{"line":32,"column":89}}],"line":32},"5":{"loc":{"start":{"line":70,"column":4},"end":{"line":72,"column":5}},"type":"if","locations":[{"start":{"line":70,"column":4},"end":{"line":72,"column":5}},{"start":{},"end":{}}],"line":70}},"s":{"0":1,"1":5,"2":0,"3":4,"4":4,"5":4,"6":4,"7":4,"8":1,"9":1,"10":1,"11":1,"12":1,"13":4,"14":0,"15":4,"16":1,"17":2,"18":3,"19":2,"20":1,"21":1,"22":1,"23":1,"24":4,"25":2,"26":2,"27":1,"28":1,"29":1,"30":1,"31":4,"32":4,"33":1,"34":1,"35":1,"36":1,"37":4,"38":0,"39":0,"40":0,"41":0,"42":0,"43":0,"44":0,"45":0,"46":4,"47":0,"48":1,"49":1,"50":1,"51":1,"52":1},"f":{"0":5,"1":1,"2":2,"3":3,"4":2,"5":1,"6":4,"7":1,"8":0,"9":0,"10":0,"11":0},"b":{"0":[0,4],"1":[0,4],"2":[4,4,4],"3":[0,3],"4":[1,2],"5":[0,0]},"_coverageSchema":"1a1c01bbd47fc00a2c39e90264f33305004495a9","hash":"58eeb8ca4ddb4d0953662b1333e5ae418651928b"}
,"/Users/liuqian/Desktop/CS learning_Hack Reactor /2209 HR immersive course/FrontEndCapstone-EcommercePage/client/src/Main/WidgetMonica/components/MiddleSide/ModalAnswer.jsx": {"path":"/Users/liuqian/Desktop/CS learning_Hack Reactor /2209 HR immersive course/FrontEndCapstone-EcommercePage/client/src/Main/WidgetMonica/components/MiddleSide/ModalAnswer.jsx","statementMap":{"0":{"start":{"line":8,"column":18},"end":{"line":13,"column":1}},"1":{"start":{"line":15,"column":20},"end":{"line":23,"column":1}},"2":{"start":{"line":25,"column":23},"end":{"line":33,"column":1}},"3":{"start":{"line":35,"column":2},"end":{"line":37,"column":3}},"4":{"start":{"line":36,"column":4},"end":{"line":36,"column":16}},"5":{"start":{"line":38,"column":26},"end":{"line":38,"column":38}},"6":{"start":{"line":39,"column":26},"end":{"line":39,"column":38}},"7":{"start":{"line":40,"column":28},"end":{"line":40,"column":40}},"8":{"start":{"line":41,"column":30},"end":{"line":41,"column":42}},"9":{"start":{"line":42,"column":32},"end":{"line":42,"column":42}},"10":{"start":{"line":45,"column":22},"end":{"line":67,"column":3}},"11":{"start":{"line":46,"column":14},"end":{"line":46,"column":35}},"12":{"start":{"line":48,"column":20},"end":{"line":48,"column":22}},"13":{"start":{"line":49,"column":20},"end":{"line":49,"column":22}},"14":{"start":{"line":50,"column":4},"end":{"line":56,"column":5}},"15":{"start":{"line":50,"column":17},"end":{"line":50,"column":18}},"16":{"start":{"line":51,"column":6},"end":{"line":55,"column":7}},"17":{"start":{"line":52,"column":8},"end":{"line":52,"column":30}},"18":{"start":{"line":54,"column":8},"end":{"line":54,"column":30}},"19":{"start":{"line":57,"column":21},"end":{"line":62,"column":5}},"20":{"start":{"line":58,"column":6},"end":{"line":60,"column":9}},"21":{"start":{"line":59,"column":8},"end":{"line":59,"column":90}},"22":{"start":{"line":61,"column":6},"end":{"line":61,"column":17}},"23":{"start":{"line":63,"column":23},"end":{"line":63,"column":44}},"24":{"start":{"line":64,"column":23},"end":{"line":64,"column":44}},"25":{"start":{"line":65,"column":19},"end":{"line":65,"column":52}},"26":{"start":{"line":66,"column":4},"end":{"line":66,"column":20}},"27":{"start":{"line":69,"column":21},"end":{"line":117,"column":3}},"28":{"start":{"line":70,"column":4},"end":{"line":70,"column":27}},"29":{"start":{"line":72,"column":29},"end":{"line":72,"column":42}},"30":{"start":{"line":73,"column":18},"end":{"line":73,"column":20}},"31":{"start":{"line":74,"column":4},"end":{"line":115,"column":6}},"32":{"start":{"line":76,"column":6},"end":{"line":78,"column":8}},"33":{"start":{"line":77,"column":8},"end":{"line":77,"column":36}},"34":{"start":{"line":80,"column":6},"end":{"line":112,"column":7}},"35":{"start":{"line":87,"column":6},"end":{"line":87,"column":44}},"36":{"start":{"line":88,"column":6},"end":{"line":108,"column":8}},"37":{"start":{"line":91,"column":22},"end":{"line":91,"column":24}},"38":{"start":{"line":92,"column":26},"end":{"line":92,"column":28}},"39":{"start":{"line":93,"column":27},"end":{"line":93,"column":58}},"40":{"start":{"line":94,"column":8},"end":{"line":97,"column":10}},"41":{"start":{"line":95,"column":10},"end":{"line":95,"column":52}},"42":{"start":{"line":98,"column":8},"end":{"line":98,"column":44}},"43":{"start":{"line":99,"column":8},"end":{"line":99,"column":44}},"44":{"start":{"line":100,"column":8},"end":{"line":100,"column":20}},"45":{"start":{"line":101,"column":8},"end":{"line":101,"column":20}},"46":{"start":{"line":102,"column":8},"end":{"line":102,"column":21}},"47":{"start":{"line":103,"column":8},"end":{"line":103,"column":24}},"48":{"start":{"line":107,"column":8},"end":{"line":107,"column":27}},"49":{"start":{"line":111,"column":6},"end":{"line":111,"column":25}},"50":{"start":{"line":114,"column":6},"end":{"line":114,"column":46}},"51":{"start":{"line":119,"column":22},"end":{"line":143,"column":3}},"52":{"start":{"line":121,"column":14},"end":{"line":121,"column":16}},"53":{"start":{"line":122,"column":4},"end":{"line":141,"column":7}},"54":{"start":{"line":125,"column":27},"end":{"line":125,"column":41}},"55":{"start":{"line":126,"column":10},"end":{"line":126,"column":39}},"56":{"start":{"line":127,"column":10},"end":{"line":127,"column":55}},"57":{"start":{"line":128,"column":10},"end":{"line":128,"column":52}},"58":{"start":{"line":129,"column":24},"end":{"line":129,"column":101}},"59":{"start":{"line":139,"column":8},"end":{"line":139,"column":26}},"60":{"start":{"line":142,"column":6},"end":{"line":142,"column":29}},"61":{"start":{"line":145,"column":25},"end":{"line":166,"column":3}},"62":{"start":{"line":146,"column":16},"end":{"line":146,"column":30}},"63":{"start":{"line":147,"column":14},"end":{"line":147,"column":28}},"64":{"start":{"line":148,"column":4},"end":{"line":150,"column":5}},"65":{"start":{"line":148,"column":17},"end":{"line":148,"column":31}},"66":{"start":{"line":149,"column":6},"end":{"line":149,"column":33}},"67":{"start":{"line":152,"column":4},"end":{"line":154,"column":5}},"68":{"start":{"line":153,"column":6},"end":{"line":153,"column":26}},"69":{"start":{"line":155,"column":5},"end":{"line":155,"column":20}},"70":{"start":{"line":156,"column":5},"end":{"line":156,"column":28}},"71":{"start":{"line":158,"column":17},"end":{"line":158,"column":19}},"72":{"start":{"line":159,"column":5},"end":{"line":161,"column":6}},"73":{"start":{"line":160,"column":6},"end":{"line":160,"column":29}},"74":{"start":{"line":162,"column":5},"end":{"line":164,"column":7}},"75":{"start":{"line":163,"column":6},"end":{"line":163,"column":41}},"76":{"start":{"line":165,"column":5},"end":{"line":165,"column":20}},"77":{"start":{"line":168,"column":2},"end":{"line":214,"column":3}},"78":{"start":{"line":182,"column":91},"end":{"line":182,"column":114}},"79":{"start":{"line":187,"column":111},"end":{"line":187,"column":134}},"80":{"start":{"line":192,"column":118},"end":{"line":192,"column":142}},"81":{"start":{"line":197,"column":93},"end":{"line":197,"column":110}},"82":{"start":{"line":199,"column":18},"end":{"line":201,"column":19}}},"fnMap":{"0":{"name":"Modal","decl":{"start":{"line":34,"column":9},"end":{"line":34,"column":14}},"loc":{"start":{"line":34,"column":22},"end":{"line":215,"column":1}},"line":34},"1":{"name":"(anonymous_1)","decl":{"start":{"line":45,"column":22},"end":{"line":45,"column":23}},"loc":{"start":{"line":45,"column":47},"end":{"line":67,"column":3}},"line":45},"2":{"name":"(anonymous_2)","decl":{"start":{"line":57,"column":21},"end":{"line":57,"column":22}},"loc":{"start":{"line":57,"column":36},"end":{"line":62,"column":5}},"line":57},"3":{"name":"(anonymous_3)","decl":{"start":{"line":58,"column":15},"end":{"line":58,"column":16}},"loc":{"start":{"line":58,"column":28},"end":{"line":60,"column":7}},"line":58},"4":{"name":"(anonymous_4)","decl":{"start":{"line":69,"column":21},"end":{"line":69,"column":22}},"loc":{"start":{"line":69,"column":32},"end":{"line":117,"column":3}},"line":69},"5":{"name":"(anonymous_5)","decl":{"start":{"line":74,"column":28},"end":{"line":74,"column":29}},"loc":{"start":{"line":74,"column":42},"end":{"line":113,"column":5}},"line":74},"6":{"name":"(anonymous_6)","decl":{"start":{"line":76,"column":23},"end":{"line":76,"column":24}},"loc":{"start":{"line":76,"column":33},"end":{"line":78,"column":7}},"line":76},"7":{"name":"(anonymous_7)","decl":{"start":{"line":86,"column":10},"end":{"line":86,"column":11}},"loc":{"start":{"line":86,"column":30},"end":{"line":109,"column":5}},"line":86},"8":{"name":"(anonymous_8)","decl":{"start":{"line":90,"column":12},"end":{"line":90,"column":13}},"loc":{"start":{"line":90,"column":21},"end":{"line":104,"column":9}},"line":90},"9":{"name":"(anonymous_9)","decl":{"start":{"line":94,"column":29},"end":{"line":94,"column":30}},"loc":{"start":{"line":94,"column":39},"end":{"line":97,"column":9}},"line":94},"10":{"name":"(anonymous_10)","decl":{"start":{"line":106,"column":13},"end":{"line":106,"column":14}},"loc":{"start":{"line":106,"column":24},"end":{"line":108,"column":7}},"line":106},"11":{"name":"(anonymous_11)","decl":{"start":{"line":110,"column":11},"end":{"line":110,"column":12}},"loc":{"start":{"line":110,"column":28},"end":{"line":112,"column":5}},"line":110},"12":{"name":"(anonymous_12)","decl":{"start":{"line":113,"column":13},"end":{"line":113,"column":14}},"loc":{"start":{"line":113,"column":22},"end":{"line":115,"column":5}},"line":113},"13":{"name":"(anonymous_13)","decl":{"start":{"line":119,"column":22},"end":{"line":119,"column":23}},"loc":{"start":{"line":119,"column":34},"end":{"line":143,"column":3}},"line":119},"14":{"name":"(anonymous_14)","decl":{"start":{"line":122,"column":19},"end":{"line":122,"column":20}},"loc":{"start":{"line":122,"column":29},"end":{"line":140,"column":9}},"line":122},"15":{"name":"(anonymous_15)","decl":{"start":{"line":145,"column":25},"end":{"line":145,"column":26}},"loc":{"start":{"line":145,"column":38},"end":{"line":166,"column":3}},"line":145},"16":{"name":"(anonymous_16)","decl":{"start":{"line":162,"column":17},"end":{"line":162,"column":18}},"loc":{"start":{"line":162,"column":27},"end":{"line":164,"column":6}},"line":162},"17":{"name":"(anonymous_17)","decl":{"start":{"line":182,"column":83},"end":{"line":182,"column":84}},"loc":{"start":{"line":182,"column":90},"end":{"line":182,"column":115}},"line":182},"18":{"name":"(anonymous_18)","decl":{"start":{"line":187,"column":103},"end":{"line":187,"column":104}},"loc":{"start":{"line":187,"column":110},"end":{"line":187,"column":135}},"line":187},"19":{"name":"(anonymous_19)","decl":{"start":{"line":192,"column":110},"end":{"line":192,"column":111}},"loc":{"start":{"line":192,"column":117},"end":{"line":192,"column":143}},"line":192},"20":{"name":"(anonymous_20)","decl":{"start":{"line":197,"column":86},"end":{"line":197,"column":87}},"loc":{"start":{"line":197,"column":93},"end":{"line":197,"column":110}},"line":197},"21":{"name":"(anonymous_21)","decl":{"start":{"line":198,"column":41},"end":{"line":198,"column":42}},"loc":{"start":{"line":198,"column":51},"end":{"line":202,"column":17}},"line":198}},"branchMap":{"0":{"loc":{"start":{"line":35,"column":2},"end":{"line":37,"column":3}},"type":"if","locations":[{"start":{"line":35,"column":2},"end":{"line":37,"column":3}},{"start":{},"end":{}}],"line":35},"1":{"loc":{"start":{"line":51,"column":6},"end":{"line":55,"column":7}},"type":"if","locations":[{"start":{"line":51,"column":6},"end":{"line":55,"column":7}},{"start":{"line":53,"column":13},"end":{"line":55,"column":7}}],"line":51},"2":{"loc":{"start":{"line":51,"column":9},"end":{"line":51,"column":116}},"type":"binary-expr","locations":[{"start":{"line":51,"column":9},"end":{"line":51,"column":42}},{"start":{"line":51,"column":46},"end":{"line":51,"column":79}},{"start":{"line":51,"column":83},"end":{"line":51,"column":116}}],"line":51},"3":{"loc":{"start":{"line":59,"column":15},"end":{"line":59,"column":89}},"type":"cond-expr","locations":[{"start":{"line":59,"column":47},"end":{"line":59,"column":49}},{"start":{"line":59,"column":52},"end":{"line":59,"column":89}}],"line":59},"4":{"loc":{"start":{"line":59,"column":52},"end":{"line":59,"column":89}},"type":"cond-expr","locations":[{"start":{"line":59,"column":84},"end":{"line":59,"column":85}},{"start":{"line":59,"column":88},"end":{"line":59,"column":89}}],"line":59},"5":{"loc":{"start":{"line":152,"column":4},"end":{"line":154,"column":5}},"type":"if","locations":[{"start":{"line":152,"column":4},"end":{"line":154,"column":5}},{"start":{},"end":{}}],"line":152},"6":{"loc":{"start":{"line":159,"column":5},"end":{"line":161,"column":6}},"type":"if","locations":[{"start":{"line":159,"column":5},"end":{"line":161,"column":6}},{"start":{},"end":{}}],"line":159},"7":{"loc":{"start":{"line":198,"column":18},"end":{"line":202,"column":18}},"type":"binary-expr","locations":[{"start":{"line":198,"column":18},"end":{"line":198,"column":25}},{"start":{"line":198,"column":29},"end":{"line":202,"column":18}}],"line":198}},"s":{"0":1,"1":1,"2":1,"3":4,"4":4,"5":0,"6":0,"7":0,"8":0,"9":0,"10":0,"11":0,"12":0,"13":0,"14":0,"15":0,"16":0,"17":0,"18":0,"19":0,"20":0,"21":0,"22":0,"23":0,"24":0,"25":0,"26":0,"27":0,"28":0,"29":0,"30":0,"31":0,"32":0,"33":0,"34":0,"35":0,"36":0,"37":0,"38":0,"39":0,"40":0,"41":0,"42":0,"43":0,"44":0,"45":0,"46":0,"47":0,"48":0,"49":0,"50":0,"51":0,"52":0,"53":0,"54":0,"55":0,"56":0,"57":0,"58":0,"59":0,"60":0,"61":0,"62":0,"63":0,"64":0,"65":0,"66":0,"67":0,"68":0,"69":0,"70":0,"71":0,"72":0,"73":0,"74":0,"75":0,"76":0,"77":0,"78":0,"79":0,"80":0,"81":0,"82":0},"f":{"0":4,"1":0,"2":0,"3":0,"4":0,"5":0,"6":0,"7":0,"8":0,"9":0,"10":0,"11":0,"12":0,"13":0,"14":0,"15":0,"16":0,"17":0,"18":0,"19":0,"20":0,"21":0},"b":{"0":[4,0],"1":[0,0],"2":[0,0,0],"3":[0,0],"4":[0,0],"5":[0,0],"6":[0,0],"7":[0,0]},"_coverageSchema":"1a1c01bbd47fc00a2c39e90264f33305004495a9","hash":"b136bd0ea36ddff9e7accffbb9985229fc85cc17"}
,"/Users/liuqian/Desktop/CS learning_Hack Reactor /2209 HR immersive course/FrontEndCapstone-EcommercePage/client/src/Main/WidgetMonica/components/MiddleSide/QuestionsList.jsx": {"path":"/Users/liuqian/Desktop/CS learning_Hack Reactor /2209 HR immersive course/FrontEndCapstone-EcommercePage/client/src/Main/WidgetMonica/components/MiddleSide/QuestionsList.jsx","statementMap":{"0":{"start":{"line":7,"column":22},"end":{"line":45,"column":1}},"1":{"start":{"line":8,"column":2},"end":{"line":10,"column":3}},"2":{"start":{"line":9,"column":4},"end":{"line":9,"column":16}},"3":{"start":{"line":11,"column":19},"end":{"line":16,"column":3}},"4":{"start":{"line":12,"column":4},"end":{"line":14,"column":7}},"5":{"start":{"line":13,"column":6},"end":{"line":13,"column":88}},"6":{"start":{"line":15,"column":4},"end":{"line":15,"column":27}},"7":{"start":{"line":17,"column":16},"end":{"line":17,"column":28}},"8":{"start":{"line":18,"column":2},"end":{"line":20,"column":3}},"9":{"start":{"line":19,"column":4},"end":{"line":19,"column":16}},"10":{"start":{"line":22,"column":23},"end":{"line":24,"column":3}},"11":{"start":{"line":23,"column":4},"end":{"line":23,"column":109}},"12":{"start":{"line":26,"column":2},"end":{"line":44,"column":3}}},"fnMap":{"0":{"name":"(anonymous_0)","decl":{"start":{"line":7,"column":22},"end":{"line":7,"column":23}},"loc":{"start":{"line":7,"column":33},"end":{"line":45,"column":1}},"line":7},"1":{"name":"(anonymous_1)","decl":{"start":{"line":11,"column":19},"end":{"line":11,"column":20}},"loc":{"start":{"line":11,"column":31},"end":{"line":16,"column":3}},"line":11},"2":{"name":"(anonymous_2)","decl":{"start":{"line":12,"column":25},"end":{"line":12,"column":26}},"loc":{"start":{"line":12,"column":38},"end":{"line":14,"column":5}},"line":12},"3":{"name":"(anonymous_3)","decl":{"start":{"line":22,"column":23},"end":{"line":22,"column":24}},"loc":{"start":{"line":23,"column":4},"end":{"line":23,"column":109}},"line":23}},"branchMap":{"0":{"loc":{"start":{"line":8,"column":2},"end":{"line":10,"column":3}},"type":"if","locations":[{"start":{"line":8,"column":2},"end":{"line":10,"column":3}},{"start":{},"end":{}}],"line":8},"1":{"loc":{"start":{"line":13,"column":13},"end":{"line":13,"column":87}},"type":"cond-expr","locations":[{"start":{"line":13,"column":45},"end":{"line":13,"column":47}},{"start":{"line":13,"column":50},"end":{"line":13,"column":87}}],"line":13},"2":{"loc":{"start":{"line":13,"column":50},"end":{"line":13,"column":87}},"type":"cond-expr","locations":[{"start":{"line":13,"column":82},"end":{"line":13,"column":83}},{"start":{"line":13,"column":86},"end":{"line":13,"column":87}}],"line":13},"3":{"loc":{"start":{"line":18,"column":2},"end":{"line":20,"column":3}},"type":"if","locations":[{"start":{"line":18,"column":2},"end":{"line":20,"column":3}},{"start":{},"end":{}}],"line":18}},"s":{"0":1,"1":3,"2":0,"3":2,"4":2,"5":1,"6":2,"7":2,"8":2,"9":0,"10":2,"11":3,"12":2},"f":{"0":3,"1":2,"2":1,"3":3},"b":{"0":[0,2],"1":[0,1],"2":[0,1],"3":[0,2]},"_coverageSchema":"1a1c01bbd47fc00a2c39e90264f33305004495a9","hash":"ac9dd1daa43b76206721fce92c8339bc6b34b9b3"}
,"/Users/liuqian/Desktop/CS learning_Hack Reactor /2209 HR immersive course/FrontEndCapstone-EcommercePage/client/src/Main/WidgetRandy/main.jsx": {"path":"/Users/liuqian/Desktop/CS learning_Hack Reactor /2209 HR immersive course/FrontEndCapstone-EcommercePage/client/src/Main/WidgetRandy/main.jsx","statementMap":{"0":{"start":{"line":14,"column":18},"end":{"line":57,"column":1}},"1":{"start":{"line":16,"column":21},"end":{"line":16,"column":52}},"2":{"start":{"line":17,"column":21},"end":{"line":17,"column":22}},"3":{"start":{"line":18,"column":2},"end":{"line":20,"column":3}},"4":{"start":{"line":18,"column":15},"end":{"line":18,"column":16}},"5":{"start":{"line":19,"column":4},"end":{"line":19,"column":52}},"6":{"start":{"line":19,"column":34},"end":{"line":19,"column":50}},"7":{"start":{"line":22,"column":28},"end":{"line":22,"column":50}},"8":{"start":{"line":23,"column":30},"end":{"line":23,"column":45}},"9":{"start":{"line":24,"column":42},"end":{"line":24,"column":53}},"10":{"start":{"line":25,"column":54},"end":{"line":25,"column":65}},"11":{"start":{"line":27,"column":2},"end":{"line":56,"column":9}},"12":{"start":{"line":59,"column":15},"end":{"line":66,"column":1}},"13":{"start":{"line":68,"column":22},"end":{"line":69,"column":1}},"14":{"start":{"line":71,"column":15},"end":{"line":75,"column":1}},"15":{"start":{"line":76,"column":15},"end":{"line":80,"column":1}},"16":{"start":{"line":82,"column":19},"end":{"line":84,"column":1}},"17":{"start":{"line":86,"column":22},"end":{"line":89,"column":1}},"18":{"start":{"line":91,"column":30},"end":{"line":95,"column":1}}},"fnMap":{"0":{"name":"(anonymous_0)","decl":{"start":{"line":14,"column":18},"end":{"line":14,"column":19}},"loc":{"start":{"line":14,"column":69},"end":{"line":57,"column":1}},"line":14}},"branchMap":{"0":{"loc":{"start":{"line":16,"column":21},"end":{"line":16,"column":52}},"type":"binary-expr","locations":[{"start":{"line":16,"column":21},"end":{"line":16,"column":46}},{"start":{"line":16,"column":50},"end":{"line":16,"column":52}}],"line":16},"1":{"loc":{"start":{"line":19,"column":4},"end":{"line":19,"column":52}},"type":"if","locations":[{"start":{"line":19,"column":4},"end":{"line":19,"column":52}},{"start":{},"end":{}}],"line":19},"2":{"loc":{"start":{"line":39,"column":5},"end":{"line":39,"column":65}},"type":"binary-expr","locations":[{"start":{"line":39,"column":5},"end":{"line":39,"column":40}},{"start":{"line":39,"column":44},"end":{"line":39,"column":65}}],"line":39},"3":{"loc":{"start":{"line":42,"column":5},"end":{"line":42,"column":299}},"type":"binary-expr","locations":[{"start":{"line":42,"column":5},"end":{"line":42,"column":40}},{"start":{"line":42,"column":44},"end":{"line":42,"column":50}},{"start":{"line":42,"column":54},"end":{"line":42,"column":299}}],"line":42},"4":{"loc":{"start":{"line":45,"column":5},"end":{"line":55,"column":20}},"type":"binary-expr","locations":[{"start":{"line":45,"column":5},"end":{"line":45,"column":40}},{"start":{"line":45,"column":44},"end":{"line":45,"column":51}},{"start":{"line":45,"column":55
[...]
,"/Users/liuqian/Desktop/CS learning_Hack Reactor /2209 HR immersive course/FrontEndCapstone-EcommercePage/client/src/Main/WidgetRandy/Components/StyleSelector.jsx": {"path":"/Users/liuqian/Desktop/CS learning_Hack Reactor /2209 HR immersive course/FrontEndCapstone-EcommercePage/client/src/Main/WidgetRandy/Components/StyleSelector.jsx","statementMap":{"0":{"start":{"line":5,"column":22},"end":{"line":33,"column":1}},"1":{"start":{"line":7,"column":14},"end":{"line":7,"column":15}},"2":{"start":{"line":10,"column":17},"end":{"line":10,"column":19}},"3":{"start":{"line":11,"column":2},"end":{"line":13,"column":3}},"4":{"start":{"line":12,"column":4},"end":{"line":12,"column":30}},"5":{"start":{"line":14,"column":16},"end":{"line":14,"column":18}},"6":{"start":{"line":15,"column":2},"end":{"line":17,"column":3}},"7":{"start":{"line":15,"column":15},"end":{"line":15,"column":16}},"8":{"start":{"line":16,"column":4},"end":{"line":16,"column":42}},"9":{"start":{"line":19,"column":22},"end":{"line":21,"column":3}},"10":{"start":{"line":20,"column":4},"end":{"line":20,"column":28}},"11":{"start":{"line":23,"column":2},"end":{"line":32,"column":9}},"12":{"start":{"line":23,"column":30},"end":{"line":23,"column":84}},"13":{"start":{"line":26,"column":6},"end":{"line":30,"column":21}},"14":{"start":{"line":28,"column":10},"end":{"line":28,"column":116}},"15":{"start":{"line":35,"column":21},"end":{"line":38,"column":1}}},"fnMap":{"0":{"name":"(anonymous_0)","decl":{"start":{"line":5,"column":22},"end":{"line":5,"column":23}},"loc":{"start":{"line":5,"column":70},"end":{"line":33,"column":1}},"line":5},"1":{"name":"(anonymous_1)","decl":{"start":{"line":19,"column":22},"end":{"line":19,"column":23}},"loc":{"start":{"line":19,"column":29},"end":{"line":21,"column":3}},"line":19},"2":{"name":"(anonymous_2)","decl":{"start":{"line":23,"column":24},"end":{"line":23,"column":25}},"loc":{"start":{"line":23,"column":30},"end":{"line":23,"column":84}},"line":23},"3":{"name":"(anonymous_3)","decl":{"start":{"line":25,"column":17},"end":{"line":25,"column":18}},"loc":{"start":{"line":26,"column":6},"end":{"line":30,"column":21}},"line":26},"4":{"name":"(anonymous_4)","decl":{"start":{"line":27,"column":22},"end":{"line":27,"column":23}},"loc":{"start":{"line":28,"column":10},"end":{"line":28,"column":116}},"line":28}},"branchMap":{},"s":{"0":1,"1":0,"2":0,"3":0,"4":0,"5":0,"6":0,"7":0,"8":0,"9":0,"10":0,"11":0,"12":0,"13":0,"14":0,"15":1},"f":{"0":0,"1":0,"2":0,"3":0,"4":0},"b":{},"_coverageSchema":"1a1c01bbd47fc00a2c39e90264f33305004495a9","hash":"bb49e1e03c0747b28e68c7c01165977a15d055c2"}
,"/Users/liuqian/Desktop/CS learning_Hack Reactor /2209 HR immersive course/FrontEndCapstone-EcommercePage/client/src/Main/WidgetRandy/Components/SmallerComponents/Circles.jsx": {"path":"/Users/liuqian/Desktop/CS learning_Hack Reactor /2209 HR immersive course/FrontEndCapstone-EcommercePage/client/src/Main/WidgetRandy/Components/SmallerComponents/Circles.jsx","statementMap":{"0":{"start":{"line":4,"column":16},"end":{"line":15,"column":1}},"1":{"start":{"line":6,"column":14},"end":{"line":6,"column":20}},"2":{"start":{"line":7,"column":2},"end":{"line":7,"column":78}},"3":{"start":{"line":7,"column":57},"end":{"line":7,"column":76}},"4":{"start":{"line":9,"column":18},"end":{"line":11,"column":3}},"5":{"start":{"line":10,"column":4},"end":{"line":10,"column":51}},"6":{"start":{"line":12,"column":2},"end":{"line":14,"column":3}},"7":{"start":{"line":17,"column":15},"end":{"line":24,"column":1}},"8":{"start":{"line":22,"column":28},"end":{"line":22,"column":39}}},"fnMap":{"0":{"name":"(anonymous_0)","decl":{"start":{"line":4,"column":16},"end":{"line":4,"column":17}},"loc":{"start":{"line":4,"column":82},"end":{"line":15,"column":1}},"line":4},"1":{"name":"(anonymous_1)","decl":{"start":{"line":9,"column":18},"end":{"line":9,"column":19}},"loc":{"start":{"line":9,"column":24},"end":{"line":11,"column":3}},"line":9},"2":{"name":"(anonymous_2)","decl":{"start":{"line":22,"column":19},"end":{"line":22,"column":20}},"loc":{"start":{"line":22,"column":28},"end":{"line":22,"column":39}},"line":22}},"branchMap":{"0":{"loc":{"start":{"line":7,"column":2},"end":{"line":7,"column":78}},"type":"if","locations":[{"start":{"line":7,"column":2},"end":{"line":7,"column":78}},{"start":{},"end":{}}],"line":7}},"s":{"0":1,"1":1,"2":1,"3":0,"4":1,"5":0,"6":1,"7":1,"8":1},"f":{"0":1,"1":0,"2":1},"b":{"0":[0,1]},"_coverageSchema":"1a1c01bbd47fc00a2c39e90264f33305004495a9","hash":"58695a6b2d788c8fd19a656b295b3b47a9c29eba"}
,"/Users/liuqian/Desktop/CS learning_Hack Reactor /2209 HR immersive course/FrontEndCapstone-EcommercePage/client/src/Main/WidgetRandy/Components/SmallerComponents/ExpandImage.jsx": {"path":"/Users/liuqian/Desktop/CS learning_Hack Reactor /2209 HR immersive course/FrontEndCapstone-EcommercePage/client/src/Main/WidgetRandy/Components/SmallerComponents/ExpandImage.jsx","statementMap":{"0":{"start":{"line":9,"column":20},"end":{"line":102,"column":1}},"1":{"start":{"line":11,"column":26},"end":{"line":11,"column":41}},"2":{"start":{"line":14,"column":20},"end":{"line":14,"column":21}},"3":{"start":{"line":15,"column":19},"end":{"line":15,"column":69}},"4":{"start":{"line":16,"column":20},"end":{"line":16,"column":22}},"5":{"start":{"line":17,"column":2},"end":{"line":19,"column":3}},"6":{"start":{"line":17,"column":15},"end":{"line":17,"column":16}},"7":{"start":{"line":18,"column":4},"end":{"line":18,"column":48}},"8":{"start":{"line":23,"column":25},"end":{"line":26,"column":3}},"9":{"start":{"line":24,"column":4},"end":{"line":24,"column":59}},"10":{"start":{"line":25,"column":4},"end":{"line":25,"column":37}},"11":{"start":{"line":25,"column":24},"end":{"line":25,"column":37}},"12":{"start":{"line":28,"column":26},"end":{"line":31,"column":3}},"13":{"start":{"line":29,"column":4},"end":{"line":29,"column":59}},"14":{"start":{"line":30,"column":4},"end":{"line":30,"column":38}},"15":{"start":{"line":30,"column":24},"end":{"line":30,"column":38}},"16":{"start":{"line":33,"column":23},"end":{"line":38,"column":3}},"17":{"start":{"line":34,"column":4},"end":{"line":37,"column":5}},"18":{"start":{"line":35,"column":6},"end":{"line":35,"column":51}},"19":{"start":{"line":36,"column":6},"end":{"line":36,"column":51}},"20":{"start":{"line":40,"column":25},"end":{"line":45,"column":3}},"21":{"start":{"line":41,"column":4},"end":{"line":44,"column":5}},"22":{"start":{"line":42,"column":6},"end":{"line":42,"column":51}},"23":{"start":{"line":43,"column":6},"end":{"line":43,"column":51}},"24":{"start":{"line":47,"column":25},"end":{"line":51,"column":3}},"25":{"start":{"line":48,"column":4},"end":{"line":48,"column":38}},"26":{"start":{"line":48,"column":30},"end":{"line":48,"column":36}},"27":{"start":{"line":49,"column":4},"end":{"line":49,"column":37}},"28":{"start":{"line":50,"column":4},"end":{"line":50,"column":83}},"29":{"start":{"line":50,"column":36},"end":{"line":50,"column":81}},"30":{"start":{"line":53,"column":26},"end":{"line":56,"column":3}},"31":{"start":{"line":54,"column":4},"end":{"line":54,"column":97}},"32":{"start":{"line":54,"column":62},"end":{"line":54,"column":95}},"33":{"start":{"line":55,"column":4},"end":{"line":55,"column":87}},"34":{"start":{"line":55,"column":40},"end":{"line":55,"column":85}},"35":{"start":{"line":58,"column":2},"end":{"line":101,"column":3}},"36":{"start":{"line":59,"column":4},"end":{"line":65,"column":5}},"37":{"start":{"line":67,"column":4},"end":{"line":100,"column":5}},"38":{"start":{"line":79,"column":12},"end":{"line":79,"column":147}},"39":{"start":{"line":95,"column":35},"end":{"line":95,"column":51}},"40":{"start":{"line":104,"column":29},"end":{"line":108,"column":1}},"41":{"start":{"line":110,"column":22},"end":{"line":115,"column":1}},"42":{"start":{"line":114,"column":21},"end":{"line":114,"column":56}},"43":{"start":{"line":117,"column":25},"end":{"line":125,"column":1}},"44":{"start":{"line":127,"column":19},"end":{"line":135,"column":1}},"45":{"start":{"line":137,"column":20},"end":{"line":142,"column":1}},"46":{"start":{"line":144,"column":22},"end":{"line":152,"column":1}},"47":{"start":{"line":154,"column":27},"end":{"line":161,"column":1}},"48":{"start":{"line":163,"column":28},"end":{"line":170,"column":1}}},"fnMap":{"0":{"name":"(anonymous_0)","decl":{"start":{"line":9,"column":20},"end":{"line":9,"column":21}},"loc":{"start":{"line":9,"column":143},"end":{"line":102,"column":1}},"line":9},"1":{"name":"(anonymous_1)","decl":{"start":{"line":23,"column":25},"end":{"line":23,"column":26}},"loc":{"start":{"line":23,"column":32},"end":{"line":26,"column":3}},"line":23},"2":{"name":"(anonymous_2)","decl":{"start":{"line":28,"column":26},"end":{"line":28,"column":27}},"loc":{"start":{"line":28,"column":33},"end":{"line":31,"column":3}},"line":28},"3":{"name":"(anonymous_3)","decl":{"start":{"line":33,"column":23},"end":{"line":33,"column":24}},"loc":{"start":{"line":33,"column":29},"end":{"line":38,"column":3}},"line":33},"4":{"name":"(anonymous_4)","decl":{"start":{"line":40,"column":25},"end":{"line":40,"column":26}},"loc":{"start":{"line":40,"column":31},"end":{"line":45,"column":3}},"line":40},"5":{"name":"(anonymous_5)","decl":{"start":{"line":47,"column":25},"end":{"line":47,"column":26}},"loc":{"start":{"line":47,"column":31},"end":{"line":51,"column":3}},"line":47},"6":{"name":"(anonymous_6)","decl":{"start":{"line":53,"column":26},"end":{"line":53,"column":27}},"loc":{"start":{"line":53,"column":32},"end":{"line":56,"column":3}},"line":53},"7":{"name":"(anonymous_7)","decl":{"start":{"line":78,"column":47},"end":{"line":78,"column":48}},"loc":{"start":{"line":79,"column":12},"end":{"line":79,"column":147}},"line":79},"8":{"name":"(anonymous_8)","decl":{"start":{"line":95,"column":29},"end":{"line":95,"column":30}},"loc":{"start":{"line":95,"column":35},"end":{"line":95,"column":51}},"line":95},"9":{"name":"(anonymous_9)","decl":{"start":{"line":114,"column":12},"end":{"line":114,"column":13}},"loc":{"start":{"line":114,"column":21},"end":{"line":114,"column":56}},"line":114}},"branchMap":{"0":{"loc":{"start":{"line":25,"column":4},"end":{"line":25,"column":37}},"type":"if","locations":[{"start":{"line":25,"column":4},"end":{"line":25,"column":37}},{"start":{},"end":{}}],"line":25},"1":{"loc":{"start":{"line":30,"column":4},"end":{"line":30,"column":38}},"type":"if","locations":[{"start":{"line":30,"column":4},"end":{"line":30,"column":38}},{"start":{},"end":{}}],"line":30},"2":{"loc":{"start":{"line":34,"column":4},"end":{"line":37,"column":5}},"type":"if","locations":[{"start":{"line":34,"column":4},"end":{"line":37,"column":5}},{"start":{},"end":{}}],"line":34},"3":{"loc":{"start":{"line":41,"column":4},"end":{"line":44,"column":5}},"type":"if","locations":[{"start":{"line":41,"column":4},"end":{"line":44,"column":5}},{"start":{},"end":{}}],"line":41},"4":{"loc":{"start":{"line":48,"column":4},"end":{"line":48,"column":38}},"type":"if","locations":[{"start":{"line":48,"column":4},"end":{"line":48,"column":38}},{"start":{},"end":{}}],"line":48},"5":{"loc":{"start":{"line":50,"column":4},"end":{"line":50,"column":83}},"type":"if","locations":[{"start":{"line":50,"column":4},"end":{"line":50,"column":83}},{"start":{},"end":{}}],"line":50},"6":{"loc":{"start":{"line":54,"column":4},"end":{"line":54,"column":97}},"type":"if","locations":[{"start":{"line":54,"column":4},"end":{"line":54,"column":97}},{"start":{},"end":{}}],"line":54},"7":{"loc":{"start":{"line":55,"column":4},"end":{"line":55,"column":87}},"type":"if","locations":[{"start":{"line":55,"column":4},"end":{"line":55,"column":87}},{"start":{},"end":{}}],"line":55},"8":{"loc":{"start":{"line":58,"column":2},"end":{"line":101,"column":3}},"type":"if","locations":[{"start":{"line":58,"column":2},"end":{"line":101,"column":3}},{"start":{"line":66,"column":9},"end":{"line":101,"column":3}}],"line":58},"9":{"loc":{"start":{"line":114,"column":21},"end":{"line":114,"column":56}},"type":"cond-expr","locations":[{"start":{"line":114,"column":34},"end":{"line":114,"column":44}},{"start":{"line":114,"column":47},"end":{"line":114,"column":56}}],"line":114}},"s":{"0":1,"1":0,"2":0,"3":0,"4":0,"5":0,"6":0,"7":0,"8":0,"9":0,"10":0,"11":0,"12":0,"13":0,"14":0,"15":0,"16":0,"17":0,"18":0,"19":0,"20":0,"21":0,"22":0,"23":0,"24":0,"25":0,"26":0,"27":0,"28":0,"29":0,"30":0,"31":0,"32":0,"33":0,"34":0,"35":0,"36":0,"37":0,"38":0,"39":0,"40":1,"41":1,"42":0,"43":1,"44":1,"45":1,"46":1,"47":1,"48":1},"f":{"0":0,"1":0,"2":0,"3":0,"4":0,"5":0,"6":0,"7":0,"8":0,"9":0},"b":{"0":[0,0],"1":[0,0],"2":[0,0],"3":[0,0],"4":[0,0],"5":[0,0],"6":[0,0],"7":[0,0],"8":[0,0],"9":[0,0]},"_coverageSchema":"1a1c01bbd47fc00a2c39e90264f33305004495a9","hash":"eced0549f7b1223f40ae4afc34fb8212772dfa7d"}
,"/Users/liuqian/Desktop/CS learning_Hack Reactor /2209 HR immersive course/FrontEndCapstone-EcommercePage/client/src/Main/WidgetRandy/Components/SmallerComponents/SmallerImage.jsx": {"path":"/Users/liuqian/Desktop/CS learning_Hack Reactor /2209 HR immersive course/FrontEndCapstone-EcommercePage/client/src/Main/WidgetRandy/Components/SmallerComponents/SmallerImage.jsx","statementMap":{"0":{"start":{"line":4,"column":21},"end":{"line":14,"column":1}},"1":{"start":{"line":5,"column":18},"end":{"line":7,"column":3}},"2":{"start":{"line":6,"column":4},"end":{"line":6,"column":51}},"3":{"start":{"line":9,"column":2},"end":{"line":13,"column":3}},"4":{"start":{"line":10,"column":4},"end":{"line":10,"column":74}},"5":{"start":{"line":12,"column":4},"end":{"line":12,"column":78}},"6":{"start":{"line":16,"column":17},"end":{"line":23,"column":1}},"7":{"start":{"line":25,"column":25},"end":{"line":33,"column":1}}},"fnMap":{"0":{"name":"(anonymous_0)","decl":{"start":{"line":4,"column":21},"end":{"line":4,"column":22}},"loc":{"start":{"line":4,"column":94},"end":{"line":14,"column":1}},"line":4},"1":{"name":"(anonymous_1)","decl":{"start":{"line":5,"column":18},"end":{"line":5,"column":19}},"loc":{"start":{"line":5,"column":24},"end":{"line":7,"column":3}},"line":5}},"branchMap":{"0":{"loc":{"start":{"line":9,"column":2},"end":{"line":13,"column":3}},"type":"if","locations":[{"start":{"line":9,"column":2},"end":{"line":13,"column":3}},{"start":{"line":11,"column":9},"end":{"line":13,"column":3}}],"line":9}},"s":{"0":1,"1":1,"2":0,"3":1,"4":0,"5":1,"6":1,"7":1},"f":{"0":1,"1":0},"b":{"0":[0,1]},"_coverageSchema":"1a1c01bbd47fc00a2c39e90264f33305004495a9","hash":"a59f5471473c5aecd6e5239665e18b928daf2aeb"}
,"/Users/liuqian/Desktop/CS learning_Hack Reactor /2209 HR immersive course/FrontEndCapstone-EcommercePage/client/src/Main/WidgetRandy/Components/SmallerComponents/SocialMedia.jsx": {"path":"/Users/liuqian/Desktop/CS learning_Hack Reactor /2209 HR immersive course/FrontEndCapstone-EcommercePage/client/src/Main/WidgetRandy/Components/SmallerComponents/SocialMedia.jsx","statementMap":{"0":{"start":{"line":6,"column":20},"end":{"line":14,"column":1}},"1":{"start":{"line":7,"column":2},"end":{"line":13,"column":3}},"2":{"start":{"line":9,"column":64},"end":{"line":9,"column":114}},"3":{"start":{"line":10,"column":63},"end":{"line":10,"column":112}},"4":{"start":{"line":11,"column":65},"end":{"line":11,"column":116}},"5":{"start":{"line":16,"column":29},"end":{"line":23,"column":1}}},"fnMap":{"0":{"name":"(anonymous_0)","decl":{"start":{"line":6,"column":20},"end":{"line":6,"column":21}},"loc":{"start":{"line":6,"column":26},"end":{"line":14,"column":1}},"line":6},"1":{"name":"(anonymous_1)","decl":{"start":{"line":9,"column":58},"end":{"line":9,"column":59}},"loc":{"start":{"line":9,"column":64},"end":{"line":9,"column":114}},"line":9},"2":{"name":"(anonymous_2)","decl":{"start":{"line":10,"column":57},"end":{"line":10,"column":58}},"loc":{"start":{"line":10,"column":63},"end":{"line":10,"column":112}},"line":10},"3":{"name":"(anonymous_3)","decl":{"start":{"line":11,"column":59},"end":{"line":11,"column":60}},"loc":{"start":{"line":11,"column":65},"end":{"line":11,"column":116}},"line":11}},"branchMap":{},"s":{"0":1,"1":1,"2":0,"3":0,"4":0,"5":1},"f":{"0":1,"1":0,"2":0,"3":0},"b":{},"_coverageSchema":"1a1c01bbd47fc00a2c39e90264f33305004495a9","hash":"b0c66ae79700d7e11ca44f6599b390fa538c6c32"}
,"/Users/liuqian/Desktop/CS learning_Hack Reactor /2209 HR immersive course/FrontEndCapstone-EcommercePage/client/src/Main/WidgetRandy/Components/SmallerComponents/StyleSelectorCard.jsx": {"path":"/Users/liuqian/Desktop/CS learning_Hack Reactor /2209 HR immersive course/FrontEndCapstone-EcommercePage/client/src/Main/WidgetRandy/Components/SmallerComponents/StyleSelectorCard.jsx","statementMap":{"0":{"start":{"line":6,"column":26},"end":{"line":24,"column":1}},"1":{"start":{"line":7,"column":2},"end":{"line":23,"column":3}},"2":{"start":{"line":8,"column":4},"end":{"line":15,"column":5}},"3":{"start":{"line":17,"column":4},"end":{"line":22,"column":27}},"4":{"start":{"line":19,"column":64},"end":{"line":19,"column":79}},"5":{"start":{"line":26,"column":22},"end":{"line":32,"column":1}},"6":{"start":{"line":33,"column":30},"end":{"line":38,"column":1}},"7":{"start":{"line":40,"column":26},"end":{"line":42,"column":1}},"8":{"start":{"line":44,"column":23},"end":{"line":49,"column":1}}},"fnMap":{"0":{"name":"(anonymous_0)","decl":{"start":{"line":6,"column":26},"end":{"line":6,"column":27}},"loc":{"start":{"line":6,"column":65},"end":{"line":24,"column":1}},"line":6},"1":{"name":"(anonymous_1)","decl":{"start":{"line":19,"column":58},"end":{"line":19,"column":59}},"loc":{"start":{"line":19,"column":64},"end":{"line":19,"column":79}},"line":19}},"branchMap":{"0":{"loc":{"start":{"line":7,"column":2},"end":{"line":23,"column":3}},"type":"if","locations":[{"start":{"line":7,"column":2},"end":{"line":23,"column":3}},{"start":{"line":16,"column":9},"end":{"line":23,"column":3}}],"line":7}},"s":{"0":1,"1":1,"2":1,"3":0,"4":0,"5":1,"6":1,"7":1,"8":1},"f":{"0":1,"1":0},"b":{"0":[1,0]},"_coverageSchema":"1a1c01bbd47fc00a2c39e90264f33305004495a9","hash":"9e056c02a9fb59bea59bc1dc3078f7c152720ef2"}
,"/Users/liuqian/Desktop/CS learning_Hack Reactor /2209 HR immersive course/FrontEndCapstone-EcommercePage/tests/Overview/testOverview.js": {"path":"/Users/liuqian/Desktop/CS learning_Hack Reactor /2209 HR immersive course/FrontEndCapstone-EcommercePage/tests/Overview/testOverview.js","statementMap":{"0":{"start":{"line":1,"column":21},"end":{"line":358,"column":1}}},"fnMap":{},"branchMap":{},"s":{"0":1},"f":{},"b":{},"_coverageSchema":"1a1c01bbd47fc00a2c39e90264f33305004495a9","hash":"b433d8e9ded604b5d365461f96972c872f4f56ff"}
,"/Users/liuqian/Desktop/CS learning_Hack Reactor /2209 HR immersive course/FrontEndCapstone-EcommercePage/tests/Q&A/testAnswerData.js": {"path":"/Users/liuqian/Desktop/CS learning_Hack Reactor /2209 HR immersive course/FrontEndCapstone-EcommercePage/tests/Q&A/testAnswerData.js","statementMap":{"0":{"start":{"line":1,"column":16},"end":{"line":70,"column":1}},"1":{"start":{"line":72,"column":0},"end":{"line":72,"column":25}}},"fnMap":{},"branchMap":{},"s":{"0":1,"1":1},"f":{},"b":{},"_coverageSchema":"1a1c01bbd47fc00a2c39e90264f33305004495a9","hash":"89941b34c5ea8ecf91e8806eb02cf8ec28a9a3d1"}
,"/Users/liuqian/Desktop/CS learning_Hack Reactor /2209 HR immersive course/FrontEndCapstone-EcommercePage/tests/Q&A/testQuestionData.js": {"path":"/Users/liuqian/Desktop/CS learning_Hack Reactor /2209 HR immersive course/FrontEndCapstone-EcommercePage/tests/Q&A/testQuestionData.js","statementMap":{"0":{"start":{"line":1,"column":18},"end":{"line":103,"column":1}},"1":{"start":{"line":105,"column":0},"end":{"line":105,"column":27}}},"fnMap":{},"branchMap":{},"s":{"0":1,"1":1},"f":{},"b":{},"_coverageSchema":"1a1c01bbd47fc00a2c39e90264f33305004495a9","hash":"da4b64b749b287e4c054014ec91bee00bc2ae3a7"}
}
